        -:    0:Source:dominion.c
        -:    0:Graph:dominion.gcno
        -:    0:Data:dominion.gcda
        -:    0:Runs:8
        -:    0:Programs:8
        -:    1:#include "dominion.h"
        -:    2:#include "dominion_helpers.h"
        -:    3:#include "rngs.h"
        -:    4:#include <stdio.h>
        -:    5:#include <math.h>
        -:    6:#include <stdlib.h>
        -:    7:
function compare called 270 returned 100% blocks executed 83%
      270:    8:int compare(const void* a, const void* b) {
      270:    9:  if (*(int*)a > *(int*)b)
branch  0 taken 0 (fallthrough)
branch  1 taken 270
    #####:   10:    return 1;
      270:   11:  if (*(int*)a < *(int*)b)
branch  0 taken 72 (fallthrough)
branch  1 taken 198
       72:   12:    return -1;
      198:   13:  return 0;
        -:   14:}
        -:   15:
function newGame called 0 returned 0% blocks executed 0%
    #####:   16:struct gameState* newGame() {
    #####:   17:  struct gameState* g = malloc(sizeof(struct gameState));
    #####:   18:  return g;
        -:   19:}
        -:   20:
function kingdomCards called 0 returned 0% blocks executed 0%
    #####:   21:int* kingdomCards(int k1, int k2, int k3, int k4, int k5, int k6, int k7,
        -:   22:		  int k8, int k9, int k10) {
    #####:   23:  int* k = malloc(10 * sizeof(int));
    #####:   24:  k[0] = k1;
    #####:   25:  k[1] = k2;
    #####:   26:  k[2] = k3;
    #####:   27:  k[3] = k4;
    #####:   28:  k[4] = k5;
    #####:   29:  k[5] = k6;
    #####:   30:  k[6] = k7;
    #####:   31:  k[7] = k8;
    #####:   32:  k[8] = k9;
    #####:   33:  k[9] = k10;
    #####:   34:  return k;
        -:   35:}
        -:   36:
function initializeGame called 8 returned 100% blocks executed 94%
        8:   37:int initializeGame(int numPlayers, int kingdomCards[10], int randomSeed,
        -:   38:		   struct gameState *state) {
        -:   39:
        -:   40:  int i;
        -:   41:  int j;
        -:   42:  int it;			
        -:   43:  //set up random number generator
        8:   44:  SelectStream(1);
call    0 returned 8
        8:   45:  PutSeed((long)randomSeed);
call    0 returned 8
        -:   46:  
        -:   47:  //check number of players
        8:   48:  if (numPlayers > MAX_PLAYERS || numPlayers < 2)
branch  0 taken 8 (fallthrough)
branch  1 taken 0
branch  2 taken 0 (fallthrough)
branch  3 taken 8
        -:   49:    {
    #####:   50:      return -1;
        -:   51:    }
        -:   52:
        -:   53:  //set number of players
        8:   54:  state->numPlayers = numPlayers;
        -:   55:
        -:   56:  //check selected kingdom cards are different
       88:   57:  for (i = 0; i < 10; i++)
branch  0 taken 80
branch  1 taken 8 (fallthrough)
        -:   58:    {
      880:   59:      for (j = 0; j < 10; j++)
branch  0 taken 800
branch  1 taken 80 (fallthrough)
        -:   60:        {
      800:   61:	  if (j != i && kingdomCards[j] == kingdomCards[i])
branch  0 taken 720 (fallthrough)
branch  1 taken 80
branch  2 taken 0 (fallthrough)
branch  3 taken 720
        -:   62:	    {
    #####:   63:	      return -1;
        -:   64:	    }
        -:   65:        }
        -:   66:    }
        -:   67:
        -:   68:
        -:   69:  //initialize supply
        -:   70:  ///////////////////////////////
        -:   71:
        -:   72:  //set number of Curse cards
        8:   73:  if (numPlayers == 2)
branch  0 taken 7 (fallthrough)
branch  1 taken 1
        -:   74:    {
        7:   75:      state->supplyCount[curse] = 10;
        -:   76:    }
        1:   77:  else if (numPlayers == 3)
branch  0 taken 0 (fallthrough)
branch  1 taken 1
        -:   78:    {
    #####:   79:      state->supplyCount[curse] = 20;
        -:   80:    }
        -:   81:  else
        -:   82:    {
        1:   83:      state->supplyCount[curse] = 30;
        -:   84:    }
        -:   85:
        -:   86:  //set number of Victory cards
        8:   87:  if (numPlayers == 2)
branch  0 taken 7 (fallthrough)
branch  1 taken 1
        -:   88:    {
        7:   89:      state->supplyCount[estate] = 8;
        7:   90:      state->supplyCount[duchy] = 8;
        7:   91:      state->supplyCount[province] = 8;
        -:   92:    }
        -:   93:  else
        -:   94:    {
        1:   95:      state->supplyCount[estate] = 12;
        1:   96:      state->supplyCount[duchy] = 12;
        1:   97:      state->supplyCount[province] = 12;
        -:   98:    }
        -:   99:
        -:  100:  //set number of Treasure cards
        8:  101:  state->supplyCount[copper] = 60 - (7 * numPlayers);
        8:  102:  state->supplyCount[silver] = 40;
        8:  103:  state->supplyCount[gold] = 30;
        -:  104:
        -:  105:  //set number of Kingdom cards
      168:  106:  for (i = adventurer; i <= treasure_map; i++)       	//loop all cards
branch  0 taken 160
branch  1 taken 8 (fallthrough)
        -:  107:    {
     1320:  108:      for (j = 0; j < 10; j++)           		//loop chosen cards
branch  0 taken 1240
branch  1 taken 80 (fallthrough)
        -:  109:	{
     1240:  110:	  if (kingdomCards[j] == i)
branch  0 taken 80 (fallthrough)
branch  1 taken 1160
        -:  111:	    {
        -:  112:	      //check if card is a 'Victory' Kingdom card
       80:  113:	      if (kingdomCards[j] == great_hall || kingdomCards[j] == gardens)
branch  0 taken 72 (fallthrough)
branch  1 taken 8
branch  2 taken 8 (fallthrough)
branch  3 taken 64
        -:  114:		{
       32:  115:		  if (numPlayers == 2){ 
branch  0 taken 14 (fallthrough)
branch  1 taken 2
       14:  116:		    state->supplyCount[i] = 8; 
        -:  117:		  }
        2:  118:		  else{ state->supplyCount[i] = 12; }
        -:  119:		}
        -:  120:	      else
        -:  121:		{
       64:  122:		  state->supplyCount[i] = 10;
        -:  123:		}
       80:  124:	      break;
        -:  125:	    }
        -:  126:	  else    //card is not in the set choosen for the game
        -:  127:	    {
     1160:  128:	      state->supplyCount[i] = -1;
        -:  129:	    }
        -:  130:	}
        -:  131:
        -:  132:    }
        -:  133:
        -:  134:  ////////////////////////
        -:  135:  //supply intilization complete
        -:  136:
        -:  137:  //set player decks
       26:  138:  for (i = 0; i < numPlayers; i++)
branch  0 taken 18
branch  1 taken 8 (fallthrough)
        -:  139:    {
       18:  140:      state->deckCount[i] = 0;
       72:  141:      for (j = 0; j < 3; j++)
branch  0 taken 54
branch  1 taken 18 (fallthrough)
        -:  142:	{
       54:  143:	  state->deck[i][j] = estate;
       54:  144:	  state->deckCount[i]++;
        -:  145:	}
      144:  146:      for (j = 3; j < 10; j++)
branch  0 taken 126
branch  1 taken 18 (fallthrough)
        -:  147:	{
      126:  148:	  state->deck[i][j] = copper;
      126:  149:	  state->deckCount[i]++;		
        -:  150:	}
        -:  151:    }
        -:  152:
        -:  153:  //shuffle player decks
       26:  154:  for (i = 0; i < numPlayers; i++)
branch  0 taken 18
branch  1 taken 8 (fallthrough)
        -:  155:    {
       18:  156:      if ( shuffle(i, state) < 0 )
call    0 returned 18
branch  1 taken 0 (fallthrough)
branch  2 taken 18
        -:  157:	{
    #####:  158:	  return -1;
        -:  159:	}
        -:  160:    }
        -:  161:
        -:  162:  //draw player hands
       26:  163:  for (i = 0; i < numPlayers; i++)
branch  0 taken 18
branch  1 taken 8 (fallthrough)
        -:  164:    {  
        -:  165:      //initialize hand size to zero
       18:  166:      state->handCount[i] = 0;
       18:  167:      state->discardCount[i] = 0;
        -:  168:      //draw 5 cards
        -:  169:      // for (j = 0; j < 5; j++)
        -:  170:      //	{
        -:  171:      //	  drawCard(i, state);
        -:  172:      //	}
        -:  173:    }
        -:  174:  
        -:  175:  //set embargo tokens to 0 for all supply piles
      224:  176:  for (i = 0; i <= treasure_map; i++)
branch  0 taken 216
branch  1 taken 8 (fallthrough)
        -:  177:    {
      216:  178:      state->embargoTokens[i] = 0;
        -:  179:    }
        -:  180:
        -:  181:  //initialize first player's turn
        8:  182:  state->outpostPlayed = 0;
        8:  183:  state->phase = 0;
        8:  184:  state->numActions = 1;
        8:  185:  state->numBuys = 1;
        8:  186:  state->playedCardCount = 0;
        8:  187:  state->whoseTurn = 0;
        8:  188:  state->handCount[state->whoseTurn] = 0;
        -:  189:  //int it; move to top
        -:  190:
        -:  191:  //Moved draw cards to here, only drawing at the start of a turn
       48:  192:  for (it = 0; it < 5; it++){
branch  0 taken 40
branch  1 taken 8 (fallthrough)
       40:  193:    drawCard(state->whoseTurn, state);
call    0 returned 40
        -:  194:  }
        -:  195:
        8:  196:  updateCoins(state->whoseTurn, state, 0);
call    0 returned 8
        -:  197:
        8:  198:  return 0;
        -:  199:}
        -:  200:
function shuffle called 18 returned 100% blocks executed 94%
       18:  201:int shuffle(int player, struct gameState *state) {
        -:  202: 
        -:  203:
        -:  204:  int newDeck[MAX_DECK];
       18:  205:  int newDeckPos = 0;
        -:  206:  int card;
        -:  207:  int i;
        -:  208:
       18:  209:  if (state->deckCount[player] < 1)
branch  0 taken 0 (fallthrough)
branch  1 taken 18
    #####:  210:    return -1;
       18:  211:  qsort ((void*)(state->deck[player]), state->deckCount[player], sizeof(int), compare); 
call    0 returned 18
        -:  212:  /* SORT CARDS IN DECK TO ENSURE DETERMINISM! */
        -:  213:
      216:  214:  while (state->deckCount[player] > 0) {
branch  0 taken 180
branch  1 taken 18 (fallthrough)
      180:  215:    card = floor(Random() * state->deckCount[player]);
call    0 returned 180
      180:  216:    newDeck[newDeckPos] = state->deck[player][card];
      180:  217:    newDeckPos++;
      634:  218:    for (i = card; i < state->deckCount[player]-1; i++) {
branch  0 taken 454
branch  1 taken 180 (fallthrough)
      454:  219:      state->deck[player][i] = state->deck[player][i+1];
        -:  220:    }
      180:  221:    state->deckCount[player]--;
        -:  222:  }
      198:  223:  for (i = 0; i < newDeckPos; i++) {
branch  0 taken 180
branch  1 taken 18 (fallthrough)
      180:  224:    state->deck[player][i] = newDeck[i];
      180:  225:    state->deckCount[player]++;
        -:  226:  }
        -:  227:
       18:  228:  return 0;
        -:  229:}
        -:  230:
function playCard called 8 returned 100% blocks executed 93%
        8:  231:int playCard(int handPos, int choice1, int choice2, int choice3, struct gameState *state) 
        -:  232:{	
        -:  233:  int card;
        8:  234:  int coin_bonus = 0; 		//tracks coins gain from actions
        -:  235:
        -:  236:  //check if it is the right phase
        8:  237:  if (state->phase != 0)
branch  0 taken 1 (fallthrough)
branch  1 taken 7
        -:  238:    {
        1:  239:      return -1;
        -:  240:    }
        -:  241:	
        -:  242:  //check if player has enough actions
        7:  243:  if ( state->numActions < 1 )
branch  0 taken 1 (fallthrough)
branch  1 taken 6
        -:  244:    {
        1:  245:      return -1;
        -:  246:    }
        -:  247:	
        -:  248:  //get card played
        6:  249:  card = handCard(handPos, state);
call    0 returned 6
        -:  250:	
        -:  251:  //check if selected card is an action
        6:  252:  if ( card < adventurer || card > treasure_map )
branch  0 taken 5 (fallthrough)
branch  1 taken 1
branch  2 taken 0 (fallthrough)
branch  3 taken 5
        -:  253:    {
        1:  254:      return -1;
        -:  255:    }
        -:  256:	
        -:  257:  //play card
        5:  258:  if ( cardEffect(card, choice1, choice2, choice3, state, handPos, &coin_bonus) < 0 )
call    0 returned 5
branch  1 taken 0 (fallthrough)
branch  2 taken 5
        -:  259:    {
    #####:  260:      return -1;
        -:  261:    }
        -:  262:	
        -:  263:  //reduce number of actions
        5:  264:  state->numActions--;
        -:  265:
        -:  266:  //update coins (Treasure cards may be added with card draws)
        5:  267:  updateCoins(state->whoseTurn, state, coin_bonus);
call    0 returned 5
        -:  268:	
        5:  269:  return 0;
        -:  270:}
        -:  271:
function buyCard called 4 returned 100% blocks executed 100%
        4:  272:int buyCard(int supplyPos, struct gameState *state) {
        -:  273:  int who;
        -:  274:  if (DEBUG){
        -:  275:    printf("Entering buyCard...\n");
        -:  276:  }
        -:  277:
        -:  278:  // I don't know what to do about the phase thing.
        -:  279:
        4:  280:  who = state->whoseTurn;
        -:  281:
        4:  282:  if (state->numBuys < 1){
branch  0 taken 1 (fallthrough)
branch  1 taken 3
        -:  283:    if (DEBUG)
        -:  284:      printf("You do not have any buys left\n");
        1:  285:    return -1;
        3:  286:  } else if (supplyCount(supplyPos, state) <1){
call    0 returned 3
branch  1 taken 1 (fallthrough)
branch  2 taken 2
        -:  287:    if (DEBUG)
        -:  288:      printf("There are not any of that type of card left\n");
        1:  289:    return -1;
        2:  290:  } else if (state->coins < getCost(supplyPos)){
call    0 returned 2
branch  1 taken 1 (fallthrough)
branch  2 taken 1
        -:  291:    if (DEBUG) 
        -:  292:      printf("You do not have enough money to buy that. You have %d coins.\n", state->coins);
        1:  293:    return -1;
        -:  294:  } else {
        1:  295:    state->phase=1;
        -:  296:    //state->supplyCount[supplyPos]--;
        1:  297:    gainCard(supplyPos, state, 0, who); //card goes in discard, this might be wrong.. (2 means goes into hand, 0 goes into discard)
call    0 returned 1
        -:  298:  
        1:  299:    state->coins = (state->coins) - (getCost(supplyPos));
call    0 returned 1
        1:  300:    state->numBuys--;
        -:  301:    if (DEBUG)
        -:  302:      printf("You bought card number %d for %d coins. You now have %d buys and %d coins.\n", supplyPos, getCost(supplyPos), state->numBuys, state->coins);
        -:  303:  }
        -:  304:
        -:  305:  //state->discard[who][state->discardCount[who]] = supplyPos;
        -:  306:  //state->discardCount[who]++;
        -:  307:    
        1:  308:  return 0;
        -:  309:}
        -:  310:
function numHandCards called 0 returned 0% blocks executed 0%
    #####:  311:int numHandCards(struct gameState *state) {
    #####:  312:  return state->handCount[ whoseTurn(state) ];
call    0 never executed
        -:  313:}
        -:  314:
function handCard called 6 returned 100% blocks executed 100%
        6:  315:int handCard(int handPos, struct gameState *state) {
        6:  316:  int currentPlayer = whoseTurn(state);
call    0 returned 6
        6:  317:  return state->hand[currentPlayer][handPos];
        -:  318:}
        -:  319:
function supplyCount called 4 returned 100% blocks executed 100%
        4:  320:int supplyCount(int card, struct gameState *state) {
        4:  321:  return state->supplyCount[card];
        -:  322:}
        -:  323:
function fullDeckCount called 5 returned 100% blocks executed 100%
        5:  324:int fullDeckCount(int player, int card, struct gameState *state) {
        -:  325:  int i;
        5:  326:  int count = 0;
        -:  327:
       30:  328:  for (i = 0; i < state->deckCount[player]; i++)
branch  0 taken 25
branch  1 taken 5 (fallthrough)
        -:  329:    {
       25:  330:      if (state->deck[player][i] == card) count++;
branch  0 taken 2 (fallthrough)
branch  1 taken 23
        -:  331:    }
        -:  332:
       30:  333:  for (i = 0; i < state->handCount[player]; i++)
branch  0 taken 25
branch  1 taken 5 (fallthrough)
        -:  334:    {
       25:  335:      if (state->hand[player][i] == card) count++;
branch  0 taken 2 (fallthrough)
branch  1 taken 23
        -:  336:    }
        -:  337:
       10:  338:  for (i = 0; i < state->discardCount[player]; i++)
branch  0 taken 5
branch  1 taken 5 (fallthrough)
        -:  339:    {
        5:  340:      if (state->discard[player][i] == card) count++;
branch  0 taken 2 (fallthrough)
branch  1 taken 3
        -:  341:    }
        -:  342:
        5:  343:  return count;
        -:  344:}
        -:  345:
function whoseTurn called 18 returned 100% blocks executed 100%
       18:  346:int whoseTurn(struct gameState *state) {
       18:  347:  return state->whoseTurn;
        -:  348:}
        -:  349:
function endTurn called 0 returned 0% blocks executed 0%
    #####:  350:int endTurn(struct gameState *state) {
        -:  351:  int k;
        -:  352:  int i;
    #####:  353:  int currentPlayer = whoseTurn(state);
call    0 never executed
        -:  354:  
        -:  355:  //Discard hand
    #####:  356:  for (i = 0; i < state->handCount[currentPlayer]; i++){
branch  0 never executed
branch  1 never executed
    #####:  357:    state->discard[currentPlayer][state->discardCount[currentPlayer]++] = state->hand[currentPlayer][i];//Discard
    #####:  358:    state->hand[currentPlayer][i] = -1;//Set card to -1
        -:  359:  }
    #####:  360:  state->handCount[currentPlayer] = 0;//Reset hand count
        -:  361:    
        -:  362:  //Code for determining the player
    #####:  363:  if (currentPlayer < (state->numPlayers - 1)){ 
branch  0 never executed
branch  1 never executed
    #####:  364:    state->whoseTurn = currentPlayer + 1;//Still safe to increment
        -:  365:  }
        -:  366:  else{
    #####:  367:    state->whoseTurn = 0;//Max player has been reached, loop back around to player 1
        -:  368:  }
        -:  369:
    #####:  370:  state->outpostPlayed = 0;
    #####:  371:  state->phase = 0;
    #####:  372:  state->numActions = 1;
    #####:  373:  state->coins = 0;
    #####:  374:  state->numBuys = 1;
    #####:  375:  state->playedCardCount = 0;
    #####:  376:  state->handCount[state->whoseTurn] = 0;
        -:  377:
        -:  378:  //int k; move to top
        -:  379:  //Next player draws hand
    #####:  380:  for (k = 0; k < 5; k++){
branch  0 never executed
branch  1 never executed
    #####:  381:    drawCard(state->whoseTurn, state);//Draw a card
call    0 never executed
        -:  382:  }
        -:  383:
        -:  384:  //Update money
    #####:  385:  updateCoins(state->whoseTurn, state , 0);
call    0 never executed
        -:  386:
    #####:  387:  return 0;
        -:  388:}
        -:  389:
function isGameOver called 0 returned 0% blocks executed 0%
    #####:  390:int isGameOver(struct gameState *state) {
        -:  391:  int i;
        -:  392:  int j;
        -:  393:	
        -:  394:  //if stack of Province cards is empty, the game ends
    #####:  395:  if (state->supplyCount[province] == 0)
branch  0 never executed
branch  1 never executed
        -:  396:    {
    #####:  397:      return 1;
        -:  398:    }
        -:  399:
        -:  400:  //if three supply pile are at 0, the game ends
    #####:  401:  j = 0;
    #####:  402:  for (i = 0; i < 25; i++)
branch  0 never executed
branch  1 never executed
        -:  403:    {
    #####:  404:      if (state->supplyCount[i] == 0)
branch  0 never executed
branch  1 never executed
        -:  405:	{
    #####:  406:	  j++;
        -:  407:	}
        -:  408:    }
    #####:  409:  if ( j >= 3)
branch  0 never executed
branch  1 never executed
        -:  410:    {
    #####:  411:      return 1;
        -:  412:    }
        -:  413:
    #####:  414:  return 0;
        -:  415:}
        -:  416:
function scoreFor called 0 returned 0% blocks executed 0%
    #####:  417:int scoreFor (int player, struct gameState *state) {
        -:  418:
        -:  419:  int i;
    #####:  420:  int score = 0;
        -:  421:  //score from hand
    #####:  422:  for (i = 0; i < state->handCount[player]; i++)
branch  0 never executed
branch  1 never executed
        -:  423:    {
    #####:  424:      if (state->hand[player][i] == curse) { score = score - 1; };
branch  0 never executed
branch  1 never executed
    #####:  425:      if (state->hand[player][i] == estate) { score = score + 1; };
branch  0 never executed
branch  1 never executed
    #####:  426:      if (state->hand[player][i] == duchy) { score = score + 3; };
branch  0 never executed
branch  1 never executed
    #####:  427:      if (state->hand[player][i] == province) { score = score + 6; };
branch  0 never executed
branch  1 never executed
    #####:  428:      if (state->hand[player][i] == great_hall) { score = score + 1; };
branch  0 never executed
branch  1 never executed
    #####:  429:      if (state->hand[player][i] == gardens) { score = score + ( fullDeckCount(player, 0, state) / 10 ); };
branch  0 never executed
branch  1 never executed
call    2 never executed
        -:  430:    }
        -:  431:
        -:  432:  //score from discard
    #####:  433:  for (i = 0; i < state->discardCount[player]; i++)
branch  0 never executed
branch  1 never executed
        -:  434:    {
    #####:  435:      if (state->discard[player][i] == curse) { score = score - 1; };
branch  0 never executed
branch  1 never executed
    #####:  436:      if (state->discard[player][i] == estate) { score = score + 1; };
branch  0 never executed
branch  1 never executed
    #####:  437:      if (state->discard[player][i] == duchy) { score = score + 3; };
branch  0 never executed
branch  1 never executed
    #####:  438:      if (state->discard[player][i] == province) { score = score + 6; };
branch  0 never executed
branch  1 never executed
    #####:  439:      if (state->discard[player][i] == great_hall) { score = score + 1; };
branch  0 never executed
branch  1 never executed
    #####:  440:      if (state->discard[player][i] == gardens) { score = score + ( fullDeckCount(player, 0, state) / 10 ); };
branch  0 never executed
branch  1 never executed
call    2 never executed
        -:  441:    }
        -:  442:
        -:  443:  //score from deck
    #####:  444:  for (i = 0; i < state->discardCount[player]; i++)
branch  0 never executed
branch  1 never executed
        -:  445:    {
    #####:  446:      if (state->deck[player][i] == curse) { score = score - 1; };
branch  0 never executed
branch  1 never executed
    #####:  447:      if (state->deck[player][i] == estate) { score = score + 1; };
branch  0 never executed
branch  1 never executed
    #####:  448:      if (state->deck[player][i] == duchy) { score = score + 3; };
branch  0 never executed
branch  1 never executed
    #####:  449:      if (state->deck[player][i] == province) { score = score + 6; };
branch  0 never executed
branch  1 never executed
    #####:  450:      if (state->deck[player][i] == great_hall) { score = score + 1; };
branch  0 never executed
branch  1 never executed
    #####:  451:      if (state->deck[player][i] == gardens) { score = score + ( fullDeckCount(player, 0, state) / 10 ); };
branch  0 never executed
branch  1 never executed
call    2 never executed
        -:  452:    }
        -:  453:
    #####:  454:  return score;
        -:  455:}
        -:  456:
function getWinners called 0 returned 0% blocks executed 0%
    #####:  457:int getWinners(int players[MAX_PLAYERS], struct gameState *state) {
        -:  458:  int i;	
        -:  459:  int j;
        -:  460:  int highScore;
        -:  461:  int currentPlayer;
        -:  462:
        -:  463:  //get score for each player
    #####:  464:  for (i = 0; i < MAX_PLAYERS; i++)
branch  0 never executed
branch  1 never executed
        -:  465:    {
        -:  466:      //set unused player scores to -9999
    #####:  467:      if (i >= state->numPlayers)
branch  0 never executed
branch  1 never executed
        -:  468:	{
    #####:  469:	  players[i] = -9999;
        -:  470:	}
        -:  471:      else
        -:  472:	{
    #####:  473:	  players[i] = scoreFor (i, state);
call    0 never executed
        -:  474:	}
        -:  475:    }
        -:  476:
        -:  477:  //find highest score
    #####:  478:  j = 0;
    #####:  479:  for (i = 0; i < MAX_PLAYERS; i++)
branch  0 never executed
branch  1 never executed
        -:  480:    {
    #####:  481:      if (players[i] > players[j])
branch  0 never executed
branch  1 never executed
        -:  482:	{
    #####:  483:	  j = i;
        -:  484:	}
        -:  485:    }
    #####:  486:  highScore = players[j];
        -:  487:
        -:  488:  //add 1 to players who had less turns
    #####:  489:  currentPlayer = whoseTurn(state);
call    0 never executed
    #####:  490:  for (i = 0; i < MAX_PLAYERS; i++)
branch  0 never executed
branch  1 never executed
        -:  491:    {
    #####:  492:      if ( players[i] == highScore && i > currentPlayer )
branch  0 never executed
branch  1 never executed
branch  2 never executed
branch  3 never executed
        -:  493:	{
    #####:  494:	  players[i]++;
        -:  495:	}
        -:  496:    }
        -:  497:
        -:  498:  //find new highest score
    #####:  499:  j = 0;
    #####:  500:  for (i = 0; i < MAX_PLAYERS; i++)
branch  0 never executed
branch  1 never executed
        -:  501:    {
    #####:  502:      if ( players[i] > players[j] )
branch  0 never executed
branch  1 never executed
        -:  503:	{
    #####:  504:	  j = i;
        -:  505:	}
        -:  506:    }
    #####:  507:  highScore = players[j];
        -:  508:
        -:  509:  //set winners in array to 1 and rest to 0
    #####:  510:  for (i = 0; i < MAX_PLAYERS; i++)
branch  0 never executed
branch  1 never executed
        -:  511:    {
    #####:  512:      if ( players[i] == highScore )
branch  0 never executed
branch  1 never executed
        -:  513:	{
    #####:  514:	  players[i] = 1;
        -:  515:	}
        -:  516:      else
        -:  517:	{
    #####:  518:	  players[i] = 0;
        -:  519:	}
        -:  520:    }
        -:  521:
    #####:  522:  return 0;
        -:  523:}
        -:  524:
function drawCard called 54 returned 100% blocks executed 38%
       54:  525:int drawCard(int player, struct gameState *state)
        -:  526:{	int count;
        -:  527:  int deckCounter;
       54:  528:  if (state->deckCount[player] <= 0){//Deck is empty
branch  0 taken 0 (fallthrough)
branch  1 taken 54
        -:  529:    
        -:  530:    //Step 1 Shuffle the discard pile back into a deck
        -:  531:    int i;
        -:  532:    //Move discard to deck
    #####:  533:    for (i = 0; i < state->discardCount[player];i++){
branch  0 never executed
branch  1 never executed
    #####:  534:      state->deck[player][i] = state->discard[player][i];
    #####:  535:      state->discard[player][i] = -1;
        -:  536:    }
        -:  537:
    #####:  538:    state->deckCount[player] = state->discardCount[player];
    #####:  539:    state->discardCount[player] = 0;//Reset discard
        -:  540:
        -:  541:    //Shufffle the deck
    #####:  542:    shuffle(player, state);//Shuffle the deck up and make it so that we can draw
call    0 never executed
        -:  543:   
        -:  544:    if (DEBUG){//Debug statements
        -:  545:      printf("Deck count now: %d\n", state->deckCount[player]);
        -:  546:    }
        -:  547:    
    #####:  548:    state->discardCount[player] = 0;
        -:  549:
        -:  550:    //Step 2 Draw Card
    #####:  551:    count = state->handCount[player];//Get current player's hand count
        -:  552:    
        -:  553:    if (DEBUG){//Debug statements
        -:  554:      printf("Current hand count: %d\n", count);
        -:  555:    }
        -:  556:    
    #####:  557:    deckCounter = state->deckCount[player];//Create a holder for the deck count
        -:  558:
    #####:  559:    if (deckCounter == 0)
branch  0 never executed
branch  1 never executed
    #####:  560:      return -1;
        -:  561:
    #####:  562:    state->hand[player][count] = state->deck[player][deckCounter - 1];//Add card to hand
    #####:  563:    state->deckCount[player]--;
    #####:  564:    state->handCount[player]++;//Increment hand count
        -:  565:  }
        -:  566:
        -:  567:  else{
       54:  568:    int count = state->handCount[player];//Get current hand count for player
        -:  569:    int deckCounter;
        -:  570:    if (DEBUG){//Debug statements
        -:  571:      printf("Current hand count: %d\n", count);
        -:  572:    }
        -:  573:
       54:  574:    deckCounter = state->deckCount[player];//Create holder for the deck count
       54:  575:    state->hand[player][count] = state->deck[player][deckCounter - 1];//Add card to the hand
       54:  576:    state->deckCount[player]--;
       54:  577:    state->handCount[player]++;//Increment hand count
        -:  578:  }
        -:  579:
       54:  580:  return 0;
        -:  581:}
        -:  582:
function getCost called 3 returned 100% blocks executed 10%
        3:  583:int getCost(int cardNumber)
        -:  584:{
        3:  585:  switch( cardNumber ) 
branch  0 taken 0
branch  1 taken 0
branch  2 taken 0
branch  3 taken 0
branch  4 taken 0
branch  5 taken 0
branch  6 taken 0
branch  7 taken 3
branch  8 taken 0
branch  9 taken 0
branch 10 taken 0
branch 11 taken 0
branch 12 taken 0
branch 13 taken 0
branch 14 taken 0
branch 15 taken 0
branch 16 taken 0
branch 17 taken 0
branch 18 taken 0
branch 19 taken 0
branch 20 taken 0
branch 21 taken 0
branch 22 taken 0
branch 23 taken 0
branch 24 taken 0
branch 25 taken 0
branch 26 taken 0
branch 27 taken 0
        -:  586:    {
        -:  587:    case curse:
    #####:  588:      return 0;
        -:  589:    case estate:
    #####:  590:      return 2;
        -:  591:    case duchy:
    #####:  592:      return 5;
        -:  593:    case province:
    #####:  594:      return 8;
        -:  595:    case copper:
    #####:  596:      return 0;
        -:  597:    case silver:
    #####:  598:      return 3;
        -:  599:    case gold:
    #####:  600:      return 6;
        -:  601:    case adventurer:
        3:  602:      return 6;
        -:  603:    case council_room:
    #####:  604:      return 5;
        -:  605:    case feast:
    #####:  606:      return 4;
        -:  607:    case gardens:
    #####:  608:      return 4;
        -:  609:    case mine:
    #####:  610:      return 5;
        -:  611:    case remodel:
    #####:  612:      return 4;
        -:  613:    case smithy:
    #####:  614:      return 4;
        -:  615:    case village:
    #####:  616:      return 3;
        -:  617:    case baron:
    #####:  618:      return 4;
        -:  619:    case great_hall:
    #####:  620:      return 3;
        -:  621:    case minion:
    #####:  622:      return 5;
        -:  623:    case steward:
    #####:  624:      return 3;
        -:  625:    case tribute:
    #####:  626:      return 5;
        -:  627:    case ambassador:
    #####:  628:      return 3;
        -:  629:    case cutpurse:
    #####:  630:      return 4;
        -:  631:    case embargo: 
    #####:  632:      return 2;
        -:  633:    case outpost:
    #####:  634:      return 5;
        -:  635:    case salvager:
    #####:  636:      return 4;
        -:  637:    case sea_hag:
    #####:  638:      return 4;
        -:  639:    case treasure_map:
    #####:  640:      return 4;
        -:  641:    }
        -:  642:	
    #####:  643:  return -1;
        -:  644:}
        -:  645:
        -:  646://REFACTOR: Refactored from the switch in cardEffect to it's own function
        -:  647://Copied the variable declarations used for the card so all that is needed
        -:  648://to be passed is the gameState.
        -:  649://
        -:  650://The original implementation did not have discard for the card
function adventurerEffect called 2 returned 100% blocks executed 69%
        2:  651:int adventurerEffect(struct gameState *state) {
        2:  652:  int z = 0;
        2:  653:  int currentPlayer = whoseTurn(state);
call    0 returned 2
        2:  654:  int drawntreasure = 0;
        -:  655:  int temphand[MAX_HAND];
        -:  656:  int cardDrawn;
        -:  657:
        6:  658:  while(drawntreasure<2){
branch  0 taken 2
branch  1 taken 2 (fallthrough)
        2:  659:    if (state->deckCount[currentPlayer] <1){//if the deck is empty we need to shuffle discard and add to deck
branch  0 taken 0 (fallthrough)
branch  1 taken 2
    #####:  660:      shuffle(currentPlayer, state);
call    0 never executed
        -:  661:    }
        2:  662:    drawCard(currentPlayer, state);
call    0 returned 2
        2:  663:    cardDrawn = state->hand[currentPlayer][state->handCount[currentPlayer]-1];//top card of hand is most recently drawn card.
        2:  664:    if (cardDrawn == copper || cardDrawn == silver || cardDrawn == gold)
branch  0 taken 0 (fallthrough)
branch  1 taken 2
branch  2 never executed
branch  3 never executed
branch  4 never executed
branch  5 never executed
        2:  665:      drawntreasure = drawntreasure + 2;//BUG: drawing a treasure increases drawntreasure by 2 not 1
        -:  666:    else{
    #####:  667:      temphand[z]=cardDrawn;
    #####:  668:      state->handCount[currentPlayer]--; //this should just remove the top card (the most recently drawn one).
    #####:  669:      z++;
        -:  670:    }
        -:  671:  }
        4:  672:  while(z-1>=0){
branch  0 taken 0
branch  1 taken 2 (fallthrough)
    #####:  673:    state->discard[currentPlayer][state->discardCount[currentPlayer]++]=temphand[z-1]; // discard all cards in play that have been drawn
    #####:  674:    z=z-1;
        -:  675:  }
        2:  676:  return 0;
        -:  677:}
        -:  678:
        -:  679://REFACTOR: Refactored from the switch in cardEffect to its own function
        -:  680://Copied the variable declarations used for the card so all that is needed
        -:  681://to be passed is the gameState and handPos.
function smithyEffect called 1 returned 100% blocks executed 100%
        1:  682:int smithyEffect(struct gameState *state, int handPos) {
        1:  683:  int currentPlayer = whoseTurn(state);
call    0 returned 1
        -:  684:  int i;
        -:  685:
        -:  686:  //+3 Cards
        5:  687:  for (i = 0; i < 4; i++)//BUG: +4 Cards instead of +3
branch  0 taken 4
branch  1 taken 1 (fallthrough)
        -:  688:  {
        4:  689:    drawCard(currentPlayer, state);
call    0 returned 4
        -:  690:  }
        -:  691:			
        -:  692:  //discard card from hand
        1:  693:  discardCard(handPos, currentPlayer, state, 0);
call    0 returned 1
        1:  694:  return 0;
        -:  695:}
        -:  696:
        -:  697://REFACTOR: Refactored from the switch in cardEffect to its own function
        -:  698://Copied the variable declarations used for the card so all that is needed
        -:  699://to be passed is the gameState and handPos
function councilRoomEffect called 1 returned 100% blocks executed 100%
        1:  700:int councilRoomEffect(struct gameState *state, int handPos) {
        1:  701:  int currentPlayer = whoseTurn(state);
call    0 returned 1
        -:  702:  int i;
        -:  703:
        -:  704:  //+4 Cards
        5:  705:  for (i = 0; i < 4; i++)
branch  0 taken 4
branch  1 taken 1 (fallthrough)
        -:  706:  {
        4:  707:    drawCard(currentPlayer, state);
call    0 returned 4
        -:  708:  }
        -:  709:			
        -:  710:  //+1 Buy
        1:  711:  state->numBuys++;
        -:  712:			
        -:  713:  //Each other player draws a card
        5:  714:  for (i = 0; i < state->numPlayers; i++)
branch  0 taken 4
branch  1 taken 1 (fallthrough)
        -:  715:  {
        4:  716:    if ( i != currentPlayer )
branch  0 taken 3 (fallthrough)
branch  1 taken 1
        -:  717:    {
        3:  718:      drawCard(i, state);
call    0 returned 3
        -:  719:    }
        -:  720:  }
        -:  721:			
        -:  722:  //put played card in played card pile
        1:  723:  discardCard(handPos, currentPlayer, state, 0);
call    0 returned 1
        -:  724:			
        1:  725:  return 0;
        -:  726:}
        -:  727:
        -:  728://REFACTOR: Refactored from the switch in cardEffect to its own function
        -:  729://Copied the variable declarations used for the card so all that is needed
        -:  730://to be passed is the gameState and handPos
function villageEffect called 1 returned 100% blocks executed 100%
        1:  731:int villageEffect(struct gameState *state, int handPos) {
        1:  732:  int currentPlayer = whoseTurn(state);
call    0 returned 1
        -:  733:
        -:  734:  //+1 Card
        1:  735:  drawCard(currentPlayer, state);
call    0 returned 1
        -:  736:			
        -:  737:  //+2 Actions
        1:  738:  state->numActions = state->numActions + 2;
        -:  739:			
        -:  740:  //discard played card from hand
        -:  741:  //discardCard(handPos, currentPlayer, state, 0); BUG: card is no longer discarded giving unlimited actions
        1:  742:  return 0;
        -:  743:}
        -:  744:
        -:  745://REFACTOR: Refactored from the switch in cardEffect to its own function
        -:  746://Copied the variable declarations used for the card so all that is needed
        -:  747://to be passed is the gameState and handPos
function greatHallEffect called 0 returned 0% blocks executed 0%
    #####:  748:int greatHallEffect(struct gameState *state, int handPos) {
    #####:  749:  int currentPlayer = whoseTurn(state);
call    0 never executed
        -:  750:
        -:  751:  //+1 Card
    #####:  752:  drawCard(currentPlayer, state);
call    0 never executed
        -:  753:		
        -:  754:  //+1 Actions
    #####:  755:  state->numBuys++;//BUG: increases number of buys instead of number of actions
        -:  756:			
        -:  757:  //discard card from hand
    #####:  758:  discardCard(handPos, currentPlayer, state, 0);
call    0 never executed
    #####:  759:  return 0;
        -:  760:}
        -:  761:
function cardEffect called 5 returned 100% blocks executed 6%
        5:  762:int cardEffect(int card, int choice1, int choice2, int choice3, struct gameState *state, int handPos, int *bonus)
        -:  763:{
        -:  764:  int i;
        -:  765:  int j;
        -:  766:  int k;
        -:  767:  int x;
        -:  768:  int index;
        5:  769:  int currentPlayer = whoseTurn(state);
call    0 returned 5
        5:  770:  int nextPlayer = currentPlayer + 1;
        -:  771:
        5:  772:  int tributeRevealedCards[2] = {-1, -1};
        -:  773:  int temphand[MAX_HAND];// moved above the if statement
        5:  774:  int drawntreasure=0;
        -:  775:  int cardDrawn;
        5:  776:  int z = 0;// this is the counter for the temp hand
        5:  777:  if (nextPlayer > (state->numPlayers - 1)){
branch  0 taken 0 (fallthrough)
branch  1 taken 5
    #####:  778:    nextPlayer = 0;
        -:  779:  }
        -:  780:  
        -:  781:	
        -:  782:  //uses switch to select card and perform actions
        5:  783:  switch( card ) 
branch  0 taken 2
branch  1 taken 1
branch  2 taken 0
branch  3 taken 0
branch  4 taken 0
branch  5 taken 0
branch  6 taken 1
branch  7 taken 1
branch  8 taken 0
branch  9 taken 0
branch 10 taken 0
branch 11 taken 0
branch 12 taken 0
branch 13 taken 0
branch 14 taken 0
branch 15 taken 0
branch 16 taken 0
branch 17 taken 0
branch 18 taken 0
branch 19 taken 0
branch 20 taken 0
        -:  784:    {
        -:  785:    case adventurer:
        2:  786:      adventurerEffect(state);//Refactored to it's own function adventurerEffect(struct gameState)
call    0 returned 2
        -:  787:
        2:  788:      return 0;
        -:  789:
        -:  790:    case council_room:
        1:  791:      councilRoomEffect(state, handPos);//Refactored to its own function councilRoomEffect(struct gameState, int)
call    0 returned 1
        -:  792:	
        1:  793:      return 0;
        -:  794:			
        -:  795:    case feast:
        -:  796:      //gain card with cost up to 5
        -:  797:      //Backup hand
    #####:  798:      for (i = 0; i <= state->handCount[currentPlayer]; i++){
branch  0 never executed
branch  1 never executed
    #####:  799:	temphand[i] = state->hand[currentPlayer][i];//Backup card
    #####:  800:	state->hand[currentPlayer][i] = -1;//Set to nothing
        -:  801:      }
        -:  802:      //Backup hand
        -:  803:
        -:  804:      //Update Coins for Buy
    #####:  805:      updateCoins(currentPlayer, state, 5);
call    0 never executed
    #####:  806:      x = 1;//Condition to loop on
    #####:  807:      while( x == 1) {//Buy one card
branch  0 never executed
branch  1 never executed
    #####:  808:	if (supplyCount(choice1, state) <= 0){
call    0 never executed
branch  1 never executed
branch  2 never executed
        -:  809:	  if (DEBUG)
        -:  810:	    printf("None of that card left, sorry!\n");
        -:  811:
        -:  812:	  if (DEBUG){
        -:  813:	    printf("Cards Left: %d\n", supplyCount(choice1, state));
        -:  814:	  }
        -:  815:	}
    #####:  816:	else if (state->coins < getCost(choice1)){
call    0 never executed
branch  1 never executed
branch  2 never executed
    #####:  817:	  printf("That card is too expensive!\n");
call    0 never executed
        -:  818:
        -:  819:	  if (DEBUG){
        -:  820:	    printf("Coins: %d < %d\n", state->coins, getCost(choice1));
        -:  821:	  }
        -:  822:	}
        -:  823:	else{
        -:  824:
        -:  825:	  if (DEBUG){
        -:  826:	    printf("Deck Count: %d\n", state->handCount[currentPlayer] + state->deckCount[currentPlayer] + state->discardCount[currentPlayer]);
        -:  827:	  }
        -:  828:
    #####:  829:	  gainCard(choice1, state, 0, currentPlayer);//Gain the card
call    0 never executed
    #####:  830:	  x = 0;//No more buying cards
        -:  831:
        -:  832:	  if (DEBUG){
        -:  833:	    printf("Deck Count: %d\n", state->handCount[currentPlayer] + state->deckCount[currentPlayer] + state->discardCount[currentPlayer]);
        -:  834:	  }
        -:  835:
        -:  836:	}
        -:  837:      }     
        -:  838:
        -:  839:      //Reset Hand
    #####:  840:      for (i = 0; i <= state->handCount[currentPlayer]; i++){
branch  0 never executed
branch  1 never executed
    #####:  841:	state->hand[currentPlayer][i] = temphand[i];
    #####:  842:	temphand[i] = -1;
        -:  843:      }
        -:  844:      //Reset Hand
        -:  845:      			
    #####:  846:      return 0;
        -:  847:			
        -:  848:    case gardens:
    #####:  849:      return -1;
        -:  850:			
        -:  851:    case mine:
    #####:  852:      j = state->hand[currentPlayer][choice1];  //store card we will trash
        -:  853:
    #####:  854:      if (state->hand[currentPlayer][choice1] < copper || state->hand[currentPlayer][choice1] > gold)
branch  0 never executed
branch  1 never executed
branch  2 never executed
branch  3 never executed
        -:  855:	{
    #####:  856:	  return -1;
        -:  857:	}
        -:  858:		
    #####:  859:      if (choice2 > treasure_map || choice2 < curse)
branch  0 never executed
branch  1 never executed
branch  2 never executed
branch  3 never executed
        -:  860:	{
    #####:  861:	  return -1;
        -:  862:	}
        -:  863:
    #####:  864:      if ( (getCost(state->hand[currentPlayer][choice1]) + 3) > getCost(choice2) )
call    0 never executed
call    1 never executed
branch  2 never executed
branch  3 never executed
        -:  865:	{
    #####:  866:	  return -1;
        -:  867:	}
        -:  868:
    #####:  869:      gainCard(choice2, state, 2, currentPlayer);
call    0 never executed
        -:  870:
        -:  871:      //discard card from hand
    #####:  872:      discardCard(handPos, currentPlayer, state, 0);
call    0 never executed
        -:  873:
        -:  874:      //discard trashed card
    #####:  875:      for (i = 0; i < state->handCount[currentPlayer]; i++)
branch  0 never executed
branch  1 never executed
        -:  876:	{
    #####:  877:	  if (state->hand[currentPlayer][i] == j)
branch  0 never executed
branch  1 never executed
        -:  878:	    {
    #####:  879:	      discardCard(i, currentPlayer, state, 0);			
call    0 never executed
    #####:  880:	      break;
        -:  881:	    }
        -:  882:	}
        -:  883:			
    #####:  884:      return 0;
        -:  885:			
        -:  886:    case remodel:
    #####:  887:      j = state->hand[currentPlayer][choice1];  //store card we will trash
        -:  888:
    #####:  889:      if ( (getCost(state->hand[currentPlayer][choice1]) + 2) > getCost(choice2) )
call    0 never executed
call    1 never executed
branch  2 never executed
branch  3 never executed
        -:  890:	{
    #####:  891:	  return -1;
        -:  892:	}
        -:  893:
    #####:  894:      gainCard(choice2, state, 0, currentPlayer);
call    0 never executed
        -:  895:
        -:  896:      //discard card from hand
    #####:  897:      discardCard(handPos, currentPlayer, state, 0);
call    0 never executed
        -:  898:
        -:  899:      //discard trashed card
    #####:  900:      for (i = 0; i < state->handCount[currentPlayer]; i++)
branch  0 never executed
branch  1 never executed
        -:  901:	{
    #####:  902:	  if (state->hand[currentPlayer][i] == j)
branch  0 never executed
branch  1 never executed
        -:  903:	    {
    #####:  904:	      discardCard(i, currentPlayer, state, 0);			
call    0 never executed
    #####:  905:	      break;
        -:  906:	    }
        -:  907:	}
        -:  908:
        -:  909:
    #####:  910:      return 0;
        -:  911:		
        -:  912:    case smithy:
        1:  913:      smithyEffect(state, handPos);//refactored to its own function smithyEffect(struct gameState, int)
call    0 returned 1
        1:  914:      return 0;
        -:  915:		
        -:  916:    case village:
        1:  917:      villageEffect(state, handPos);//refactored to its own funciton villageEffect(struct gameState, int)
call    0 returned 1
        1:  918:      return 0;
        -:  919:		
        -:  920:    case baron:
    #####:  921:      state->numBuys++;//Increase buys by 1!
    #####:  922:      if (choice1 > 0){//Boolean true or going to discard an estate
branch  0 never executed
branch  1 never executed
    #####:  923:	int p = 0;//Iterator for hand!
    #####:  924:	int card_not_discarded = 1;//Flag for discard set!
    #####:  925:	while(card_not_discarded){
branch  0 never executed
branch  1 never executed
    #####:  926:	  if (state->hand[currentPlayer][p] == estate){//Found an estate card!
branch  0 never executed
branch  1 never executed
    #####:  927:	    state->coins += 4;//Add 4 coins to the amount of coins
    #####:  928:	    state->discard[currentPlayer][state->discardCount[currentPlayer]] = state->hand[currentPlayer][p];
    #####:  929:	    state->discardCount[currentPlayer]++;
    #####:  930:	    for (;p < state->handCount[currentPlayer]; p++){
branch  0 never executed
branch  1 never executed
    #####:  931:	      state->hand[currentPlayer][p] = state->hand[currentPlayer][p+1];
        -:  932:	    }
    #####:  933:	    state->hand[currentPlayer][state->handCount[currentPlayer]] = -1;
    #####:  934:	    state->handCount[currentPlayer]--;
    #####:  935:	    card_not_discarded = 0;//Exit the loop
        -:  936:	  }
    #####:  937:	  else if (p > state->handCount[currentPlayer]){
branch  0 never executed
branch  1 never executed
        -:  938:	    if(DEBUG) {
        -:  939:	      printf("No estate cards in your hand, invalid choice\n");
        -:  940:	      printf("Must gain an estate if there are any\n");
        -:  941:	    }
    #####:  942:	    if (supplyCount(estate, state) > 0){
call    0 never executed
branch  1 never executed
branch  2 never executed
    #####:  943:	      gainCard(estate, state, 0, currentPlayer);
call    0 never executed
    #####:  944:	      state->supplyCount[estate]--;//Decrement estates
    #####:  945:	      if (supplyCount(estate, state) == 0){
call    0 never executed
branch  1 never executed
branch  2 never executed
    #####:  946:		isGameOver(state);
call    0 never executed
        -:  947:	      }
        -:  948:	    }
    #####:  949:	    card_not_discarded = 0;//Exit the loop
        -:  950:	  }
        -:  951:			    
        -:  952:	  else{
    #####:  953:	    p++;//Next card
        -:  954:	  }
        -:  955:	}
        -:  956:      }
        -:  957:			    
        -:  958:      else{
    #####:  959:	if (supplyCount(estate, state) > 0){
call    0 never executed
branch  1 never executed
branch  2 never executed
    #####:  960:	  gainCard(estate, state, 0, currentPlayer);//Gain an estate
call    0 never executed
    #####:  961:	  state->supplyCount[estate]--;//Decrement Estates
    #####:  962:	  if (supplyCount(estate, state) == 0){
call    0 never executed
branch  1 never executed
branch  2 never executed
    #####:  963:	    isGameOver(state);
call    0 never executed
        -:  964:	  }
        -:  965:	}
        -:  966:      }
        -:  967:	    
        -:  968:      
    #####:  969:      return 0;
        -:  970:		
        -:  971:    case great_hall:
    #####:  972:      greatHallEffect(state, handPos);//refactored to its own function greatHallEffect(struct gameState, int)
call    0 never executed
    #####:  973:      return 0;
        -:  974:		
        -:  975:    case minion:
        -:  976:      //+1 action
    #####:  977:      state->numActions++;
        -:  978:			
        -:  979:      //discard card from hand
    #####:  980:      discardCard(handPos, currentPlayer, state, 0);
call    0 never executed
        -:  981:			
    #####:  982:      if (choice1)		//+2 coins
branch  0 never executed
branch  1 never executed
        -:  983:	{
    #####:  984:	  state->coins = state->coins + 2;
        -:  985:	}
        -:  986:			
    #####:  987:      else if (choice2)		//discard hand, redraw 4, other players with 5+ cards discard hand and draw 4
branch  0 never executed
branch  1 never executed
        -:  988:	{
        -:  989:	  //discard hand
    #####:  990:	  while(numHandCards(state) > 0)
call    0 never executed
branch  1 never executed
branch  2 never executed
        -:  991:	    {
    #####:  992:	      discardCard(handPos, currentPlayer, state, 0);
call    0 never executed
        -:  993:	    }
        -:  994:				
        -:  995:	  //draw 4
    #####:  996:	  for (i = 0; i < 4; i++)
branch  0 never executed
branch  1 never executed
        -:  997:	    {
    #####:  998:	      drawCard(currentPlayer, state);
call    0 never executed
        -:  999:	    }
        -: 1000:				
        -: 1001:	  //other players discard hand and redraw if hand size > 4
    #####: 1002:	  for (i = 0; i < state->numPlayers; i++)
branch  0 never executed
branch  1 never executed
        -: 1003:	    {
    #####: 1004:	      if (i != currentPlayer)
branch  0 never executed
branch  1 never executed
        -: 1005:		{
    #####: 1006:		  if ( state->handCount[i] > 4 )
branch  0 never executed
branch  1 never executed
        -: 1007:		    {
        -: 1008:		      //discard hand
    #####: 1009:		      while( state->handCount[i] > 0 )
branch  0 never executed
branch  1 never executed
        -: 1010:			{
    #####: 1011:			  discardCard(handPos, i, state, 0);
call    0 never executed
        -: 1012:			}
        -: 1013:							
        -: 1014:		      //draw 4
    #####: 1015:		      for (j = 0; j < 4; j++)
branch  0 never executed
branch  1 never executed
        -: 1016:			{
    #####: 1017:			  drawCard(i, state);
call    0 never executed
        -: 1018:			}
        -: 1019:		    }
        -: 1020:		}
        -: 1021:	    }
        -: 1022:				
        -: 1023:	}
    #####: 1024:      return 0;
        -: 1025:		
        -: 1026:    case steward:
    #####: 1027:      if (choice1 == 1)
branch  0 never executed
branch  1 never executed
        -: 1028:	{
        -: 1029:	  //+2 cards
    #####: 1030:	  drawCard(currentPlayer, state);
call    0 never executed
    #####: 1031:	  drawCard(currentPlayer, state);
call    0 never executed
        -: 1032:	}
    #####: 1033:      else if (choice1 == 2)
branch  0 never executed
branch  1 never executed
        -: 1034:	{
        -: 1035:	  //+2 coins
    #####: 1036:	  state->coins = state->coins + 2;
        -: 1037:	}
        -: 1038:      else
        -: 1039:	{
        -: 1040:	  //trash 2 cards in hand
    #####: 1041:	  discardCard(choice2, currentPlayer, state, 1);
call    0 never executed
    #####: 1042:	  discardCard(choice3, currentPlayer, state, 1);
call    0 never executed
        -: 1043:	}
        -: 1044:			
        -: 1045:      //discard card from hand
    #####: 1046:      discardCard(handPos, currentPlayer, state, 0);
call    0 never executed
    #####: 1047:      return 0;
        -: 1048:		
        -: 1049:    case tribute:
    #####: 1050:      if ((state->discardCount[nextPlayer] + state->deckCount[nextPlayer]) <= 1){
branch  0 never executed
branch  1 never executed
    #####: 1051:	if (state->deckCount[nextPlayer] > 0){
branch  0 never executed
branch  1 never executed
    #####: 1052:	  tributeRevealedCards[0] = state->deck[nextPlayer][state->deckCount[nextPlayer]-1];
    #####: 1053:	  state->deckCount[nextPlayer]--;
        -: 1054:	}
    #####: 1055:	else if (state->discardCount[nextPlayer] > 0){
branch  0 never executed
branch  1 never executed
    #####: 1056:	  tributeRevealedCards[0] = state->discard[nextPlayer][state->discardCount[nextPlayer]-1];
    #####: 1057:	  state->discardCount[nextPlayer]--;
        -: 1058:	}
        -: 1059:	else{
        -: 1060:	  //No Card to Reveal
        -: 1061:	  if (DEBUG){
        -: 1062:	    printf("No cards to reveal\n");
        -: 1063:	  }
        -: 1064:	}
        -: 1065:      }
        -: 1066:	    
        -: 1067:      else{
    #####: 1068:	if (state->deckCount[nextPlayer] == 0){
branch  0 never executed
branch  1 never executed
    #####: 1069:	  for (i = 0; i < state->discardCount[nextPlayer]; i++){
branch  0 never executed
branch  1 never executed
    #####: 1070:	    state->deck[nextPlayer][i] = state->discard[nextPlayer][i];//Move to deck
    #####: 1071:	    state->deckCount[nextPlayer]++;
    #####: 1072:	    state->discard[nextPlayer][i] = -1;
    #####: 1073:	    state->discardCount[nextPlayer]--;
        -: 1074:	  }
        -: 1075:			    
    #####: 1076:	  shuffle(nextPlayer,state);//Shuffle the deck
call    0 never executed
        -: 1077:	} 
    #####: 1078:	tributeRevealedCards[0] = state->deck[nextPlayer][state->deckCount[nextPlayer]-1];
    #####: 1079:	state->deck[nextPlayer][state->deckCount[nextPlayer]--] = -1;
    #####: 1080:	state->deckCount[nextPlayer]--;
    #####: 1081:	tributeRevealedCards[1] = state->deck[nextPlayer][state->deckCount[nextPlayer]-1];
    #####: 1082:	state->deck[nextPlayer][state->deckCount[nextPlayer]--] = -1;
    #####: 1083:	state->deckCount[nextPlayer]--;
        -: 1084:      }    
        -: 1085:		       
    #####: 1086:      if (tributeRevealedCards[0] == tributeRevealedCards[1]){//If we have a duplicate card, just drop one 
branch  0 never executed
branch  1 never executed
    #####: 1087:	state->playedCards[state->playedCardCount] = tributeRevealedCards[1];
    #####: 1088:	state->playedCardCount++;
    #####: 1089:	tributeRevealedCards[1] = -1;
        -: 1090:      }
        -: 1091:
    #####: 1092:      for (i = 0; i <= 2; i ++){
branch  0 never executed
branch  1 never executed
    #####: 1093:	if (tributeRevealedCards[i] == copper || tributeRevealedCards[i] == silver || tributeRevealedCards[i] == gold){//Treasure cards
branch  0 never executed
branch  1 never executed
branch  2 never executed
branch  3 never executed
branch  4 never executed
branch  5 never executed
    #####: 1094:	  state->coins += 2;
        -: 1095:	}
        -: 1096:		    
    #####: 1097:	else if (tributeRevealedCards[i] == estate || tributeRevealedCards[i] == duchy || tributeRevealedCards[i] == province || tributeRevealedCards[i] == gardens || tributeRevealedCards[i] == great_hall){//Victory Card Found
branch  0 never executed
branch  1 never executed
branch  2 never executed
branch  3 never executed
branch  4 never executed
branch  5 never executed
branch  6 never executed
branch  7 never executed
branch  8 never executed
branch  9 never executed
    #####: 1098:	  drawCard(currentPlayer, state);
call    0 never executed
    #####: 1099:	  drawCard(currentPlayer, state);
call    0 never executed
        -: 1100:	}
        -: 1101:	else{//Action Card
    #####: 1102:	  state->numActions = state->numActions + 2;
        -: 1103:	}
        -: 1104:      }
        -: 1105:	    
    #####: 1106:      return 0;
        -: 1107:		
        -: 1108:    case ambassador:
    #####: 1109:      j = 0;		//used to check if player has enough cards to discard
        -: 1110:
    #####: 1111:      if (choice2 > 2 || choice2 < 0)
branch  0 never executed
branch  1 never executed
branch  2 never executed
branch  3 never executed
        -: 1112:	{
    #####: 1113:	  return -1;				
        -: 1114:	}
        -: 1115:
    #####: 1116:      if (choice1 == handPos)
branch  0 never executed
branch  1 never executed
        -: 1117:	{
    #####: 1118:	  return -1;
        -: 1119:	}
        -: 1120:
    #####: 1121:      for (i = 0; i < state->handCount[currentPlayer]; i++)
branch  0 never executed
branch  1 never executed
        -: 1122:	{
    #####: 1123:	  if (i != handPos && i == state->hand[currentPlayer][choice1] && i != choice1)
branch  0 never executed
branch  1 never executed
branch  2 never executed
branch  3 never executed
branch  4 never executed
branch  5 never executed
        -: 1124:	    {
    #####: 1125:	      j++;
        -: 1126:	    }
        -: 1127:	}
    #####: 1128:      if (j < choice2)
branch  0 never executed
branch  1 never executed
        -: 1129:	{
    #####: 1130:	  return -1;				
        -: 1131:	}
        -: 1132:
        -: 1133:      if (DEBUG) 
        -: 1134:	printf("Player %d reveals card number: %d\n", currentPlayer, state->hand[currentPlayer][choice1]);
        -: 1135:
        -: 1136:      //increase supply count for choosen card by amount being discarded
    #####: 1137:      state->supplyCount[state->hand[currentPlayer][choice1]] += choice2;
        -: 1138:			
        -: 1139:      //each other player gains a copy of revealed card
    #####: 1140:      for (i = 0; i < state->numPlayers; i++)
branch  0 never executed
branch  1 never executed
        -: 1141:	{
    #####: 1142:	  if (i != currentPlayer)
branch  0 never executed
branch  1 never executed
        -: 1143:	    {
    #####: 1144:	      gainCard(state->hand[currentPlayer][choice1], state, 0, i);
call    0 never executed
        -: 1145:	    }
        -: 1146:	}
        -: 1147:
        -: 1148:      //discard played card from hand
    #####: 1149:      discardCard(handPos, currentPlayer, state, 0);			
call    0 never executed
        -: 1150:
        -: 1151:      //trash copies of cards returned to supply
    #####: 1152:      for (j = 0; j < choice2; j++)
branch  0 never executed
branch  1 never executed
        -: 1153:	{
    #####: 1154:	  for (i = 0; i < state->handCount[currentPlayer]; i++)
branch  0 never executed
branch  1 never executed
        -: 1155:	    {
    #####: 1156:	      if (state->hand[currentPlayer][i] == state->hand[currentPlayer][choice1])
branch  0 never executed
branch  1 never executed
        -: 1157:		{
    #####: 1158:		  discardCard(i, currentPlayer, state, 1);
call    0 never executed
    #####: 1159:		  break;
        -: 1160:		}
        -: 1161:	    }
        -: 1162:	}			
        -: 1163:
    #####: 1164:      return 0;
        -: 1165:		
        -: 1166:    case cutpurse:
        -: 1167:
    #####: 1168:      updateCoins(currentPlayer, state, 2);
call    0 never executed
    #####: 1169:      for (i = 0; i < state->numPlayers; i++)
branch  0 never executed
branch  1 never executed
        -: 1170:	{
    #####: 1171:	  if (i != currentPlayer)
branch  0 never executed
branch  1 never executed
        -: 1172:	    {
    #####: 1173:	      for (j = 0; j < state->handCount[i]; j++)
branch  0 never executed
branch  1 never executed
        -: 1174:		{
    #####: 1175:		  if (state->hand[i][j] == copper)
branch  0 never executed
branch  1 never executed
        -: 1176:		    {
    #####: 1177:		      discardCard(j, i, state, 0);
call    0 never executed
    #####: 1178:		      break;
        -: 1179:		    }
    #####: 1180:		  if (j == state->handCount[i])
branch  0 never executed
branch  1 never executed
        -: 1181:		    {
    #####: 1182:		      for (k = 0; k < state->handCount[i]; k++)
branch  0 never executed
branch  1 never executed
        -: 1183:			{
        -: 1184:			  if (DEBUG)
        -: 1185:			    printf("Player %d reveals card number %d\n", i, state->hand[i][k]);
        -: 1186:			}	
    #####: 1187:		      break;
        -: 1188:		    }		
        -: 1189:		}
        -: 1190:					
        -: 1191:	    }
        -: 1192:				
        -: 1193:	}				
        -: 1194:
        -: 1195:      //discard played card from hand
    #####: 1196:      discardCard(handPos, currentPlayer, state, 0);			
call    0 never executed
        -: 1197:
    #####: 1198:      return 0;
        -: 1199:
        -: 1200:		
        -: 1201:    case embargo: 
        -: 1202:      //+2 Coins
    #####: 1203:      state->coins = state->coins + 2;
        -: 1204:			
        -: 1205:      //see if selected pile is in play
    #####: 1206:      if ( state->supplyCount[choice1] == -1 )
branch  0 never executed
branch  1 never executed
        -: 1207:	{
    #####: 1208:	  return -1;
        -: 1209:	}
        -: 1210:			
        -: 1211:      //add embargo token to selected supply pile
    #####: 1212:      state->embargoTokens[choice1]++;
        -: 1213:			
        -: 1214:      //trash card
    #####: 1215:      discardCard(handPos, currentPlayer, state, 1);		
call    0 never executed
    #####: 1216:      return 0;
        -: 1217:		
        -: 1218:    case outpost:
        -: 1219:      //set outpost flag
    #####: 1220:      state->outpostPlayed++;
        -: 1221:			
        -: 1222:      //discard card
    #####: 1223:      discardCard(handPos, currentPlayer, state, 0);
call    0 never executed
    #####: 1224:      return 0;
        -: 1225:		
        -: 1226:    case salvager:
        -: 1227:      //+1 buy
    #####: 1228:      state->numBuys++;
        -: 1229:			
    #####: 1230:      if (choice1)
branch  0 never executed
branch  1 never executed
        -: 1231:	{
        -: 1232:	  //gain coins equal to trashed card
    #####: 1233:	  state->coins = state->coins + getCost( handCard(choice1, state) );
call    0 never executed
call    1 never executed
        -: 1234:	  //trash card
    #####: 1235:	  discardCard(choice1, currentPlayer, state, 1);	
call    0 never executed
        -: 1236:	}
        -: 1237:			
        -: 1238:      //discard card
    #####: 1239:      discardCard(handPos, currentPlayer, state, 0);
call    0 never executed
    #####: 1240:      return 0;
        -: 1241:		
        -: 1242:    case sea_hag:
    #####: 1243:      for (i = 0; i < state->numPlayers; i++){
branch  0 never executed
branch  1 never executed
    #####: 1244:	if (i != currentPlayer){
branch  0 never executed
branch  1 never executed
    #####: 1245:	  state->discard[i][state->discardCount[i]] = state->deck[i][state->deckCount[i]--];			    state->deckCount[i]--;
    #####: 1246:	  state->discardCount[i]++;
    #####: 1247:	  state->deck[i][state->deckCount[i]--] = curse;//Top card now a curse
        -: 1248:	}
        -: 1249:      }
    #####: 1250:      return 0;
        -: 1251:		
        -: 1252:    case treasure_map:
        -: 1253:      //search hand for another treasure_map
    #####: 1254:      index = -1;
    #####: 1255:      for (i = 0; i < state->handCount[currentPlayer]; i++)
branch  0 never executed
branch  1 never executed
        -: 1256:	{
    #####: 1257:	  if (state->hand[currentPlayer][i] == treasure_map && i != handPos)
branch  0 never executed
branch  1 never executed
branch  2 never executed
branch  3 never executed
        -: 1258:	    {
    #####: 1259:	      index = i;
    #####: 1260:	      break;
        -: 1261:	    }
        -: 1262:	}
    #####: 1263:      if (index > -1)
branch  0 never executed
branch  1 never executed
        -: 1264:	{
        -: 1265:	  //trash both treasure cards
    #####: 1266:	  discardCard(handPos, currentPlayer, state, 1);
call    0 never executed
    #####: 1267:	  discardCard(index, currentPlayer, state, 1);
call    0 never executed
        -: 1268:
        -: 1269:	  //gain 4 Gold cards
    #####: 1270:	  for (i = 0; i < 4; i++)
branch  0 never executed
branch  1 never executed
        -: 1271:	    {
    #####: 1272:	      gainCard(gold, state, 1, currentPlayer);
call    0 never executed
        -: 1273:	    }
        -: 1274:				
        -: 1275:	  //return success
    #####: 1276:	  return 1;
        -: 1277:	}
        -: 1278:			
        -: 1279:      //no second treasure_map found in hand
    #####: 1280:      return -1;
        -: 1281:    }
        -: 1282:	
    #####: 1283:  return -1;
        -: 1284:}
        -: 1285:
function discardCard called 2 returned 100% blocks executed 78%
        2: 1286:int discardCard(int handPos, int currentPlayer, struct gameState *state, int trashFlag)
        -: 1287:{
        -: 1288:	
        -: 1289:  //if card is not trashed, added to Played pile 
        2: 1290:  if (trashFlag < 1)
branch  0 taken 2 (fallthrough)
branch  1 taken 0
        -: 1291:    {
        -: 1292:      //add card to played pile
        2: 1293:      state->playedCards[state->playedCardCount] = state->hand[currentPlayer][handPos]; 
        2: 1294:      state->playedCardCount++;
        -: 1295:    }
        -: 1296:	
        -: 1297:  //set played card to -1
        2: 1298:  state->hand[currentPlayer][handPos] = -1;
        -: 1299:	
        -: 1300:  //remove card from player's hand
        2: 1301:  if ( handPos == (state->handCount[currentPlayer] - 1) ) 	//last card in hand array is played
branch  0 taken 0 (fallthrough)
branch  1 taken 2
        -: 1302:    {
        -: 1303:      //reduce number of cards in hand
    #####: 1304:      state->handCount[currentPlayer]--;
        -: 1305:    }
        2: 1306:  else if ( state->handCount[currentPlayer] == 1 ) //only one card in hand
branch  0 taken 0 (fallthrough)
branch  1 taken 2
        -: 1307:    {
        -: 1308:      //reduce number of cards in hand
    #####: 1309:      state->handCount[currentPlayer]--;
        -: 1310:    }
        -: 1311:  else 	
        -: 1312:    {
        -: 1313:      //replace discarded card with last card in hand
        2: 1314:      state->hand[currentPlayer][handPos] = state->hand[currentPlayer][ (state->handCount[currentPlayer] - 1)];
        -: 1315:      //set last card to -1
        2: 1316:      state->hand[currentPlayer][state->handCount[currentPlayer] - 1] = -1;
        -: 1317:      //reduce number of cards in hand
        2: 1318:      state->handCount[currentPlayer]--;
        -: 1319:    }
        -: 1320:	
        2: 1321:  return 0;
        -: 1322:}
        -: 1323:
function gainCard called 1 returned 100% blocks executed 70%
        1: 1324:int gainCard(int supplyPos, struct gameState *state, int toFlag, int player)
        -: 1325:{
        -: 1326:  //Note: supplyPos is enum of choosen card
        -: 1327:	
        -: 1328:  //check if supply pile is empty (0) or card is not used in game (-1)
        1: 1329:  if ( supplyCount(supplyPos, state) < 1 )
call    0 returned 1
branch  1 taken 0 (fallthrough)
branch  2 taken 1
        -: 1330:    {
    #####: 1331:      return -1;
        -: 1332:    }
        -: 1333:	
        -: 1334:  //added card for [whoseTurn] current player:
        -: 1335:  // toFlag = 0 : add to discard
        -: 1336:  // toFlag = 1 : add to deck
        -: 1337:  // toFlag = 2 : add to hand
        -: 1338:
        1: 1339:  if (toFlag == 1)
branch  0 taken 0 (fallthrough)
branch  1 taken 1
        -: 1340:    {
    #####: 1341:      state->deck[ player ][ state->deckCount[player] ] = supplyPos;
    #####: 1342:      state->deckCount[player]++;
        -: 1343:    }
        1: 1344:  else if (toFlag == 2)
branch  0 taken 0 (fallthrough)
branch  1 taken 1
        -: 1345:    {
    #####: 1346:      state->hand[ player ][ state->handCount[player] ] = supplyPos;
    #####: 1347:      state->handCount[player]++;
        -: 1348:    }
        -: 1349:  else
        -: 1350:    {
        1: 1351:      state->discard[player][ state->discardCount[player] ] = supplyPos;
        1: 1352:      state->discardCount[player]++;
        -: 1353:    }
        -: 1354:	
        -: 1355:  //decrease number in supply pile
        1: 1356:  state->supplyCount[supplyPos]--;
        -: 1357:	 
        1: 1358:  return 0;
        -: 1359:}
        -: 1360:
function updateCoins called 13 returned 100% blocks executed 82%
       13: 1361:int updateCoins(int player, struct gameState *state, int bonus)
        -: 1362:{
        -: 1363:  int i;
        -: 1364:	
        -: 1365:  //reset coin count
       13: 1366:  state->coins = 0;
        -: 1367:
        -: 1368:  //add coins for each Treasure card in player's hand
       71: 1369:  for (i = 0; i < state->handCount[player]; i++)
branch  0 taken 58
branch  1 taken 13 (fallthrough)
        -: 1370:    {
       58: 1371:      if (state->hand[player][i] == copper)
branch  0 taken 45 (fallthrough)
branch  1 taken 13
        -: 1372:	{
       45: 1373:	  state->coins += 1;
        -: 1374:	}
       13: 1375:      else if (state->hand[player][i] == silver)
branch  0 taken 0 (fallthrough)
branch  1 taken 13
        -: 1376:	{
    #####: 1377:	  state->coins += 2;
        -: 1378:	}
       13: 1379:      else if (state->hand[player][i] == gold)
branch  0 taken 0 (fallthrough)
branch  1 taken 13
        -: 1380:	{
    #####: 1381:	  state->coins += 3;
        -: 1382:	}	
        -: 1383:    }	
        -: 1384:
        -: 1385:  //add bonus
       13: 1386:  state->coins += bonus;
        -: 1387:
       13: 1388:  return 0;
        -: 1389:}
        -: 1390:
        -: 1391:
        -: 1392://end of dominion.c
        -: 1393:
