        -:    0:Source:dominion.c
        -:    0:Graph:dominion.gcno
        -:    0:Data:dominion.gcda
        -:    0:Runs:3
        -:    0:Programs:3
        -:    1:#include "dominion.h"
        -:    2:#include "dominion_helpers.h"
        -:    3:#include "rngs.h"
        -:    4:#include <stdio.h>
        -:    5:#include <math.h>
        -:    6:#include <stdlib.h>
        -:    7:
   253475:    8:int compare(const void* a, const void* b) {
   253475:    9:  if (*(int*)a > *(int*)b)
   130141:   10:    return 1;
   123334:   11:  if (*(int*)a < *(int*)b)
   123260:   12:    return -1;
       74:   13:  return 0;
        -:   14:}
        -:   15:
    #####:   16:struct gameState* newGame() {
    #####:   17:  struct gameState* g = malloc(sizeof(struct gameState));
    #####:   18:  return g;
        -:   19:}
        -:   20:
    #####:   21:int* kingdomCards(int k1, int k2, int k3, int k4, int k5, int k6, int k7,
        -:   22:		  int k8, int k9, int k10) {
    #####:   23:  int* k = malloc(10 * sizeof(int));
    #####:   24:  k[0] = k1;
    #####:   25:  k[1] = k2;
    #####:   26:  k[2] = k3;
    #####:   27:  k[3] = k4;
    #####:   28:  k[4] = k5;
    #####:   29:  k[5] = k6;
    #####:   30:  k[6] = k7;
    #####:   31:  k[7] = k8;
    #####:   32:  k[8] = k9;
    #####:   33:  k[9] = k10;
    #####:   34:  return k;
        -:   35:}
        -:   36:
    #####:   37:int initializeGame(int numPlayers, int kingdomCards[10], int randomSeed,
        -:   38:		   struct gameState *state) {
        -:   39:
        -:   40:  int i;
        -:   41:  int j;
        -:   42:  int it;			
        -:   43:  //set up random number generator
    #####:   44:  SelectStream(1);
    #####:   45:  PutSeed((long)randomSeed);
        -:   46:  
        -:   47:  //check number of players
    #####:   48:  if (numPlayers > MAX_PLAYERS || numPlayers < 2)
        -:   49:    {
    #####:   50:      return -1;
        -:   51:    }
        -:   52:
        -:   53:  //set number of players
    #####:   54:  state->numPlayers = numPlayers;
        -:   55:
        -:   56:  //check selected kingdom cards are different
    #####:   57:  for (i = 0; i < 10; i++)
        -:   58:    {
    #####:   59:      for (j = 0; j < 10; j++)
        -:   60:        {
    #####:   61:	  if (j != i && kingdomCards[j] == kingdomCards[i])
        -:   62:	    {
    #####:   63:	      return -1;
        -:   64:	    }
        -:   65:        }
        -:   66:    }
        -:   67:
        -:   68:
        -:   69:  //initialize supply
        -:   70:  ///////////////////////////////
        -:   71:
        -:   72:  //set number of Curse cards
    #####:   73:  if (numPlayers == 2)
        -:   74:    {
    #####:   75:      state->supplyCount[curse] = 10;
        -:   76:    }
    #####:   77:  else if (numPlayers == 3)
        -:   78:    {
    #####:   79:      state->supplyCount[curse] = 20;
        -:   80:    }
        -:   81:  else
        -:   82:    {
    #####:   83:      state->supplyCount[curse] = 30;
        -:   84:    }
        -:   85:
        -:   86:  //set number of Victory cards
    #####:   87:  if (numPlayers == 2)
        -:   88:    {
    #####:   89:      state->supplyCount[estate] = 8;
    #####:   90:      state->supplyCount[duchy] = 8;
    #####:   91:      state->supplyCount[province] = 8;
        -:   92:    }
        -:   93:  else
        -:   94:    {
    #####:   95:      state->supplyCount[estate] = 12;
    #####:   96:      state->supplyCount[duchy] = 12;
    #####:   97:      state->supplyCount[province] = 12;
        -:   98:    }
        -:   99:
        -:  100:  //set number of Treasure cards
    #####:  101:  state->supplyCount[copper] = 60 - (7 * numPlayers);
    #####:  102:  state->supplyCount[silver] = 40;
    #####:  103:  state->supplyCount[gold] = 30;
        -:  104:
        -:  105:  //set number of Kingdom cards
    #####:  106:  for (i = adventurer; i <= treasure_map; i++)       	//loop all cards
        -:  107:    {
    #####:  108:      for (j = 0; j < 10; j++)           		//loop chosen cards
        -:  109:	{
    #####:  110:	  if (kingdomCards[j] == i)
        -:  111:	    {
        -:  112:	      //check if card is a 'Victory' Kingdom card
    #####:  113:	      if (kingdomCards[j] == great_hall || kingdomCards[j] == gardens)
        -:  114:		{
    #####:  115:		  if (numPlayers == 2){ 
    #####:  116:		    state->supplyCount[i] = 8; 
        -:  117:		  }
    #####:  118:		  else{ state->supplyCount[i] = 12; }
        -:  119:		}
        -:  120:	      else
        -:  121:		{
    #####:  122:		  state->supplyCount[i] = 10;
        -:  123:		}
    #####:  124:	      break;
        -:  125:	    }
        -:  126:	  else    //card is not in the set choosen for the game
        -:  127:	    {
    #####:  128:	      state->supplyCount[i] = -1;
        -:  129:	    }
        -:  130:	}
        -:  131:
        -:  132:    }
        -:  133:
        -:  134:  ////////////////////////
        -:  135:  //supply intilization complete
        -:  136:
        -:  137:  //set player decks
    #####:  138:  for (i = 0; i < numPlayers; i++)
        -:  139:    {
    #####:  140:      state->deckCount[i] = 0;
    #####:  141:      for (j = 0; j < 3; j++)
        -:  142:	{
    #####:  143:	  state->deck[i][j] = estate;
    #####:  144:	  state->deckCount[i]++;
        -:  145:	}
    #####:  146:      for (j = 3; j < 10; j++)
        -:  147:	{
    #####:  148:	  state->deck[i][j] = copper;
    #####:  149:	  state->deckCount[i]++;		
        -:  150:	}
        -:  151:    }
        -:  152:
        -:  153:  //shuffle player decks
    #####:  154:  for (i = 0; i < numPlayers; i++)
        -:  155:    {
    #####:  156:      if ( shuffle(i, state) < 0 )
        -:  157:	{
    #####:  158:	  return -1;
        -:  159:	}
        -:  160:    }
        -:  161:
        -:  162:  //draw player hands
    #####:  163:  for (i = 0; i < numPlayers; i++)
        -:  164:    {  
        -:  165:      //initialize hand size to zero
    #####:  166:      state->handCount[i] = 0;
    #####:  167:      state->discardCount[i] = 0;
        -:  168:      //draw 5 cards
        -:  169:      // for (j = 0; j < 5; j++)
        -:  170:      //	{
        -:  171:      //	  drawCard(i, state);
        -:  172:      //	}
        -:  173:    }
        -:  174:  
        -:  175:  //set embargo tokens to 0 for all supply piles
    #####:  176:  for (i = 0; i <= treasure_map; i++)
        -:  177:    {
    #####:  178:      state->embargoTokens[i] = 0;
        -:  179:    }
        -:  180:
        -:  181:  //initialize first player's turn
    #####:  182:  state->outpostPlayed = 0;
    #####:  183:  state->phase = 0;
    #####:  184:  state->numActions = 1;
    #####:  185:  state->numBuys = 1;
    #####:  186:  state->playedCardCount = 0;
    #####:  187:  state->whoseTurn = 0;
    #####:  188:  state->handCount[state->whoseTurn] = 0;
        -:  189:  //int it; move to top
        -:  190:
        -:  191:  //Moved draw cards to here, only drawing at the start of a turn
    #####:  192:  for (it = 0; it < 5; it++){
    #####:  193:    drawCard(state->whoseTurn, state);
        -:  194:  }
        -:  195:
    #####:  196:  updateCoins(state->whoseTurn, state, 0);
        -:  197:
    #####:  198:  return 0;
        -:  199:}
        -:  200:
      211:  201:int shuffle(int player, struct gameState *state) {
        -:  202: 
        -:  203:
        -:  204:  int newDeck[MAX_DECK];
      211:  205:  int newDeckPos = 0;
        -:  206:  int card;
        -:  207:  int i;
        -:  208:
      211:  209:  if (state->deckCount[player] < 1)
       74:  210:    return -1;
      137:  211:  qsort ((void*)(state->deck[player]), state->deckCount[player], sizeof(int), compare); 
        -:  212:  /* SORT CARDS IN DECK TO ENSURE DETERMINISM! */
        -:  213:
    36409:  214:  while (state->deckCount[player] > 0) {
    36135:  215:    card = floor(Random() * state->deckCount[player]);
    36135:  216:    newDeck[newDeckPos] = state->deck[player][card];
    36135:  217:    newDeckPos++;
  2982114:  218:    for (i = card; i < state->deckCount[player]-1; i++) {
  2945979:  219:      state->deck[player][i] = state->deck[player][i+1];
        -:  220:    }
    36135:  221:    state->deckCount[player]--;
        -:  222:  }
    36272:  223:  for (i = 0; i < newDeckPos; i++) {
    36135:  224:    state->deck[player][i] = newDeck[i];
    36135:  225:    state->deckCount[player]++;
        -:  226:  }
        -:  227:
      137:  228:  return 0;
        -:  229:}
        -:  230:
    #####:  231:int playCard(int handPos, int choice1, int choice2, int choice3, struct gameState *state) 
        -:  232:{	
        -:  233:  int card;
    #####:  234:  int coin_bonus = 0; 		//tracks coins gain from actions
        -:  235:
        -:  236:  //check if it is the right phase
    #####:  237:  if (state->phase != 0)
        -:  238:    {
    #####:  239:      return -1;
        -:  240:    }
        -:  241:	
        -:  242:  //check if player has enough actions
    #####:  243:  if ( state->numActions < 1 )
        -:  244:    {
    #####:  245:      return -1;
        -:  246:    }
        -:  247:	
        -:  248:  //get card played
    #####:  249:  card = handCard(handPos, state);
        -:  250:	
        -:  251:  //check if selected card is an action
    #####:  252:  if ( card < adventurer || card > treasure_map )
        -:  253:    {
    #####:  254:      return -1;
        -:  255:    }
        -:  256:	
        -:  257:  //play card
    #####:  258:  if ( cardEffect(card, choice1, choice2, choice3, state, handPos, &coin_bonus) < 0 )
        -:  259:    {
    #####:  260:      return -1;
        -:  261:    }
        -:  262:	
        -:  263:  //reduce number of actions
    #####:  264:  state->numActions--;
        -:  265:
        -:  266:  //update coins (Treasure cards may be added with card draws)
    #####:  267:  updateCoins(state->whoseTurn, state, coin_bonus);
        -:  268:	
    #####:  269:  return 0;
        -:  270:}
        -:  271:
    #####:  272:int buyCard(int supplyPos, struct gameState *state) {
        -:  273:  int who;
        -:  274:  if (DEBUG){
        -:  275:    printf("Entering buyCard...\n");
        -:  276:  }
        -:  277:
        -:  278:  // I don't know what to do about the phase thing.
        -:  279:
    #####:  280:  who = state->whoseTurn;
        -:  281:
    #####:  282:  if (state->numBuys < 1){
        -:  283:    if (DEBUG)
        -:  284:      printf("You do not have any buys left\n");
    #####:  285:    return -1;
    #####:  286:  } else if (supplyCount(supplyPos, state) <1){
        -:  287:    if (DEBUG)
        -:  288:      printf("There are not any of that type of card left\n");
    #####:  289:    return -1;
    #####:  290:  } else if (state->coins < getCost(supplyPos)){
        -:  291:    if (DEBUG) 
        -:  292:      printf("You do not have enough money to buy that. You have %d coins.\n", state->coins);
    #####:  293:    return -1;
        -:  294:  } else {
    #####:  295:    state->phase=1;
        -:  296:    //state->supplyCount[supplyPos]--;
    #####:  297:    gainCard(supplyPos, state, 0, who); //card goes in discard, this might be wrong.. (2 means goes into hand, 0 goes into discard)
        -:  298:  
    #####:  299:    state->coins = (state->coins) - (getCost(supplyPos));
    #####:  300:    state->numBuys--;
        -:  301:    if (DEBUG)
        -:  302:      printf("You bought card number %d for %d coins. You now have %d buys and %d coins.\n", supplyPos, getCost(supplyPos), state->numBuys, state->coins);
        -:  303:  }
        -:  304:
        -:  305:  //state->discard[who][state->discardCount[who]] = supplyPos;
        -:  306:  //state->discardCount[who]++;
        -:  307:    
    #####:  308:  return 0;
        -:  309:}
        -:  310:
    #####:  311:int numHandCards(struct gameState *state) {
    #####:  312:  return state->handCount[ whoseTurn(state) ];
        -:  313:}
        -:  314:
    #####:  315:int handCard(int handPos, struct gameState *state) {
    #####:  316:  int currentPlayer = whoseTurn(state);
    #####:  317:  return state->hand[currentPlayer][handPos];
        -:  318:}
        -:  319:
    #####:  320:int supplyCount(int card, struct gameState *state) {
    #####:  321:  return state->supplyCount[card];
        -:  322:}
        -:  323:
    #####:  324:int fullDeckCount(int player, int card, struct gameState *state) {
        -:  325:  int i;
    #####:  326:  int count = 0;
        -:  327:
    #####:  328:  for (i = 0; i < state->deckCount[player]; i++)
        -:  329:    {
    #####:  330:      if (state->deck[player][i] == card) count++;
        -:  331:    }
        -:  332:
    #####:  333:  for (i = 0; i < state->handCount[player]; i++)
        -:  334:    {
    #####:  335:      if (state->hand[player][i] == card) count++;
        -:  336:    }
        -:  337:
    #####:  338:  for (i = 0; i < state->discardCount[player]; i++)
        -:  339:    {
    #####:  340:      if (state->discard[player][i] == card) count++;
        -:  341:    }
        -:  342:
    #####:  343:  return count;
        -:  344:}
        -:  345:
    12000:  346:int whoseTurn(struct gameState *state) {
    12000:  347:  return state->whoseTurn;
        -:  348:}
        -:  349:
    #####:  350:int endTurn(struct gameState *state) {
        -:  351:  int k;
        -:  352:  int i;
    #####:  353:  int currentPlayer = whoseTurn(state);
        -:  354:  
        -:  355:  //Discard hand
    #####:  356:  for (i = 0; i < state->handCount[currentPlayer]; i++){
    #####:  357:    state->discard[currentPlayer][state->discardCount[currentPlayer]++] = state->hand[currentPlayer][i];//Discard
    #####:  358:    state->hand[currentPlayer][i] = -1;//Set card to -1
        -:  359:  }
    #####:  360:  state->handCount[currentPlayer] = 0;//Reset hand count
        -:  361:    
        -:  362:  //Code for determining the player
    #####:  363:  if (currentPlayer < (state->numPlayers - 1)){ 
    #####:  364:    state->whoseTurn = currentPlayer + 1;//Still safe to increment
        -:  365:  }
        -:  366:  else{
    #####:  367:    state->whoseTurn = 0;//Max player has been reached, loop back around to player 1
        -:  368:  }
        -:  369:
    #####:  370:  state->outpostPlayed = 0;
    #####:  371:  state->phase = 0;
    #####:  372:  state->numActions = 1;
    #####:  373:  state->coins = 0;
    #####:  374:  state->numBuys = 1;
    #####:  375:  state->playedCardCount = 0;
    #####:  376:  state->handCount[state->whoseTurn] = 0;
        -:  377:
        -:  378:  //int k; move to top
        -:  379:  //Next player draws hand
    #####:  380:  for (k = 0; k < 5; k++){
    #####:  381:    drawCard(state->whoseTurn, state);//Draw a card
        -:  382:  }
        -:  383:
        -:  384:  //Update money
    #####:  385:  updateCoins(state->whoseTurn, state , 0);
        -:  386:
    #####:  387:  return 0;
        -:  388:}
        -:  389:
    #####:  390:int isGameOver(struct gameState *state) {
        -:  391:  int i;
        -:  392:  int j;
        -:  393:	
        -:  394:  //if stack of Province cards is empty, the game ends
    #####:  395:  if (state->supplyCount[province] == 0)
        -:  396:    {
    #####:  397:      return 1;
        -:  398:    }
        -:  399:
        -:  400:  //if three supply pile are at 0, the game ends
    #####:  401:  j = 0;
    #####:  402:  for (i = 0; i < 25; i++)
        -:  403:    {
    #####:  404:      if (state->supplyCount[i] == 0)
        -:  405:	{
    #####:  406:	  j++;
        -:  407:	}
        -:  408:    }
    #####:  409:  if ( j >= 3)
        -:  410:    {
    #####:  411:      return 1;
        -:  412:    }
        -:  413:
    #####:  414:  return 0;
        -:  415:}
        -:  416:
    #####:  417:int scoreFor (int player, struct gameState *state) {
        -:  418:
        -:  419:  int i;
    #####:  420:  int score = 0;
        -:  421:  //score from hand
    #####:  422:  for (i = 0; i < state->handCount[player]; i++)
        -:  423:    {
    #####:  424:      if (state->hand[player][i] == curse) { score = score - 1; };
    #####:  425:      if (state->hand[player][i] == estate) { score = score + 1; };
    #####:  426:      if (state->hand[player][i] == duchy) { score = score + 3; };
    #####:  427:      if (state->hand[player][i] == province) { score = score + 6; };
    #####:  428:      if (state->hand[player][i] == great_hall) { score = score + 1; };
    #####:  429:      if (state->hand[player][i] == gardens) { score = score + ( fullDeckCount(player, 0, state) / 10 ); };
        -:  430:    }
        -:  431:
        -:  432:  //score from discard
    #####:  433:  for (i = 0; i < state->discardCount[player]; i++)
        -:  434:    {
    #####:  435:      if (state->discard[player][i] == curse) { score = score - 1; };
    #####:  436:      if (state->discard[player][i] == estate) { score = score + 1; };
    #####:  437:      if (state->discard[player][i] == duchy) { score = score + 3; };
    #####:  438:      if (state->discard[player][i] == province) { score = score + 6; };
    #####:  439:      if (state->discard[player][i] == great_hall) { score = score + 1; };
    #####:  440:      if (state->discard[player][i] == gardens) { score = score + ( fullDeckCount(player, 0, state) / 10 ); };
        -:  441:    }
        -:  442:
        -:  443:  //score from deck
    #####:  444:  for (i = 0; i < state->discardCount[player]; i++)
        -:  445:    {
    #####:  446:      if (state->deck[player][i] == curse) { score = score - 1; };
    #####:  447:      if (state->deck[player][i] == estate) { score = score + 1; };
    #####:  448:      if (state->deck[player][i] == duchy) { score = score + 3; };
    #####:  449:      if (state->deck[player][i] == province) { score = score + 6; };
    #####:  450:      if (state->deck[player][i] == great_hall) { score = score + 1; };
    #####:  451:      if (state->deck[player][i] == gardens) { score = score + ( fullDeckCount(player, 0, state) / 10 ); };
        -:  452:    }
        -:  453:
    #####:  454:  return score;
        -:  455:}
        -:  456:
    #####:  457:int getWinners(int players[MAX_PLAYERS], struct gameState *state) {
        -:  458:  int i;	
        -:  459:  int j;
        -:  460:  int highScore;
        -:  461:  int currentPlayer;
        -:  462:
        -:  463:  //get score for each player
    #####:  464:  for (i = 0; i < MAX_PLAYERS; i++)
        -:  465:    {
        -:  466:      //set unused player scores to -9999
    #####:  467:      if (i >= state->numPlayers)
        -:  468:	{
    #####:  469:	  players[i] = -9999;
        -:  470:	}
        -:  471:      else
        -:  472:	{
    #####:  473:	  players[i] = scoreFor (i, state);
        -:  474:	}
        -:  475:    }
        -:  476:
        -:  477:  //find highest score
    #####:  478:  j = 0;
    #####:  479:  for (i = 0; i < MAX_PLAYERS; i++)
        -:  480:    {
    #####:  481:      if (players[i] > players[j])
        -:  482:	{
    #####:  483:	  j = i;
        -:  484:	}
        -:  485:    }
    #####:  486:  highScore = players[j];
        -:  487:
        -:  488:  //add 1 to players who had less turns
    #####:  489:  currentPlayer = whoseTurn(state);
    #####:  490:  for (i = 0; i < MAX_PLAYERS; i++)
        -:  491:    {
    #####:  492:      if ( players[i] == highScore && i > currentPlayer )
        -:  493:	{
    #####:  494:	  players[i]++;
        -:  495:	}
        -:  496:    }
        -:  497:
        -:  498:  //find new highest score
    #####:  499:  j = 0;
    #####:  500:  for (i = 0; i < MAX_PLAYERS; i++)
        -:  501:    {
    #####:  502:      if ( players[i] > players[j] )
        -:  503:	{
    #####:  504:	  j = i;
        -:  505:	}
        -:  506:    }
    #####:  507:  highScore = players[j];
        -:  508:
        -:  509:  //set winners in array to 1 and rest to 0
    #####:  510:  for (i = 0; i < MAX_PLAYERS; i++)
        -:  511:    {
    #####:  512:      if ( players[i] == highScore )
        -:  513:	{
    #####:  514:	  players[i] = 1;
        -:  515:	}
        -:  516:      else
        -:  517:	{
    #####:  518:	  players[i] = 0;
        -:  519:	}
        -:  520:    }
        -:  521:
    #####:  522:  return 0;
        -:  523:}
        -:  524:
   548510:  525:int drawCard(int player, struct gameState *state)
        -:  526:{	int count;
        -:  527:  int deckCounter;
   548510:  528:  if (state->deckCount[player] <= 0){//Deck is empty
        -:  529:    
        -:  530:    //Step 1 Shuffle the discard pile back into a deck
        -:  531:    int i;
        -:  532:    //Move discard to deck
    36272:  533:    for (i = 0; i < state->discardCount[player];i++){
    36135:  534:      state->deck[player][i] = state->discard[player][i];
    36135:  535:      state->discard[player][i] = -1;
        -:  536:    }
        -:  537:
      137:  538:    state->deckCount[player] = state->discardCount[player];
      137:  539:    state->discardCount[player] = 0;//Reset discard
        -:  540:
        -:  541:    //Shufffle the deck
      137:  542:    shuffle(player, state);//Shuffle the deck up and make it so that we can draw
        -:  543:   
        -:  544:    if (DEBUG){//Debug statements
        -:  545:      printf("Deck count now: %d\n", state->deckCount[player]);
        -:  546:    }
        -:  547:    
      137:  548:    state->discardCount[player] = 0;
        -:  549:
        -:  550:    //Step 2 Draw Card
      137:  551:    count = state->handCount[player];//Get current player's hand count
        -:  552:    
        -:  553:    if (DEBUG){//Debug statements
        -:  554:      printf("Current hand count: %d\n", count);
        -:  555:    }
        -:  556:    
      137:  557:    deckCounter = state->deckCount[player];//Create a holder for the deck count
        -:  558:
      137:  559:    if (deckCounter == 0)
    #####:  560:      return -1;
        -:  561:
      137:  562:    state->hand[player][count] = state->deck[player][deckCounter - 1];//Add card to hand
      137:  563:    state->deckCount[player]--;
      137:  564:    state->handCount[player]++;//Increment hand count
        -:  565:  }
        -:  566:
        -:  567:  else{
   548373:  568:    int count = state->handCount[player];//Get current hand count for player
        -:  569:    int deckCounter;
        -:  570:    if (DEBUG){//Debug statements
        -:  571:      printf("Current hand count: %d\n", count);
        -:  572:    }
        -:  573:
   548373:  574:    deckCounter = state->deckCount[player];//Create holder for the deck count
   548373:  575:    state->hand[player][count] = state->deck[player][deckCounter - 1];//Add card to the hand
   548373:  576:    state->deckCount[player]--;
   548373:  577:    state->handCount[player]++;//Increment hand count
        -:  578:  }
        -:  579:
   548510:  580:  return 0;
        -:  581:}
        -:  582:
    #####:  583:int getCost(int cardNumber)
        -:  584:{
    #####:  585:  switch( cardNumber ) 
        -:  586:    {
        -:  587:    case curse:
    #####:  588:      return 0;
        -:  589:    case estate:
    #####:  590:      return 2;
        -:  591:    case duchy:
    #####:  592:      return 5;
        -:  593:    case province:
    #####:  594:      return 8;
        -:  595:    case copper:
    #####:  596:      return 0;
        -:  597:    case silver:
    #####:  598:      return 3;
        -:  599:    case gold:
    #####:  600:      return 6;
        -:  601:    case adventurer:
    #####:  602:      return 6;
        -:  603:    case council_room:
    #####:  604:      return 5;
        -:  605:    case feast:
    #####:  606:      return 4;
        -:  607:    case gardens:
    #####:  608:      return 4;
        -:  609:    case mine:
    #####:  610:      return 5;
        -:  611:    case remodel:
    #####:  612:      return 4;
        -:  613:    case smithy:
    #####:  614:      return 4;
        -:  615:    case village:
    #####:  616:      return 3;
        -:  617:    case baron:
    #####:  618:      return 4;
        -:  619:    case great_hall:
    #####:  620:      return 3;
        -:  621:    case minion:
    #####:  622:      return 5;
        -:  623:    case steward:
    #####:  624:      return 3;
        -:  625:    case tribute:
    #####:  626:      return 5;
        -:  627:    case ambassador:
    #####:  628:      return 3;
        -:  629:    case cutpurse:
    #####:  630:      return 4;
        -:  631:    case embargo: 
    #####:  632:      return 2;
        -:  633:    case outpost:
    #####:  634:      return 5;
        -:  635:    case salvager:
    #####:  636:      return 4;
        -:  637:    case sea_hag:
    #####:  638:      return 4;
        -:  639:    case treasure_map:
    #####:  640:      return 4;
        -:  641:    }
        -:  642:	
    #####:  643:  return -1;
        -:  644:}
        -:  645:
        -:  646://REFACTOR: Refactored from the switch in cardEffect to it's own function
        -:  647://Copied the variable declarations used for the card so all that is needed
        -:  648://to be passed is the gameState.
        -:  649://
        -:  650://The original implementation did not have discard for the card
     2000:  651:int adventurerEffect(struct gameState *state) {
     2000:  652:  int z = 0;
     2000:  653:  int currentPlayer = whoseTurn(state);
     2000:  654:  int drawntreasure = 0;
        -:  655:  int temphand[MAX_HAND];
        -:  656:  int cardDrawn;
        -:  657:
   254410:  658:  while(drawntreasure<2){
   250410:  659:    if (state->deckCount[currentPlayer] <1){//if the deck is empty we need to shuffle discard and add to deck
       37:  660:      shuffle(currentPlayer, state);
        -:  661:    }
   250410:  662:    drawCard(currentPlayer, state);
   250410:  663:    cardDrawn = state->hand[currentPlayer][state->handCount[currentPlayer]-1];//top card of hand is most recently drawn card.
   250410:  664:    if (cardDrawn == copper || cardDrawn == silver || cardDrawn == gold)
     2000:  665:      drawntreasure = drawntreasure + 2;//BUG: drawing a treasure increases drawntreasure by 2 not 1
        -:  666:    else{
   248410:  667:      temphand[z]=cardDrawn;
   248410:  668:      state->handCount[currentPlayer]--; //this should just remove the top card (the most recently drawn one).
   248410:  669:      z++;
        -:  670:    }
        -:  671:  }
   252410:  672:  while(z-1>=0){
   248410:  673:    state->discard[currentPlayer][state->discardCount[currentPlayer]++]=temphand[z-1]; // discard all cards in play that have been drawn
   248410:  674:    z=z-1;
        -:  675:  }
     2000:  676:  return 0;
        -:  677:}
        -:  678:
        -:  679://REFACTOR: Refactored from the switch in cardEffect to its own function
        -:  680://Copied the variable declarations used for the card so all that is needed
        -:  681://to be passed is the gameState and handPos.
     2000:  682:int smithyEffect(struct gameState *state, int handPos) {
     2000:  683:  int currentPlayer = whoseTurn(state);
        -:  684:  int i;
        -:  685:
        -:  686:  //+3 Cards
    10000:  687:  for (i = 0; i < 4; i++)//BUG: +4 Cards instead of +3
        -:  688:  {
     8000:  689:    drawCard(currentPlayer, state);
        -:  690:  }
        -:  691:			
        -:  692:  //discard card from hand
     2000:  693:  discardCard(handPos, currentPlayer, state, 0);
     2000:  694:  return 0;
        -:  695:}
        -:  696:
        -:  697://REFACTOR: Refactored from the switch in cardEffect to its own function
        -:  698://Copied the variable declarations used for the card so all that is needed
        -:  699://to be passed is the gameState and handPos
     2000:  700:int councilRoomEffect(struct gameState *state, int handPos) {
     2000:  701:  int currentPlayer = whoseTurn(state);
        -:  702:  int i;
        -:  703:
        -:  704:  //+4 Cards
    10000:  705:  for (i = 0; i < 4; i++)
        -:  706:  {
     8000:  707:    drawCard(currentPlayer, state);
        -:  708:  }
        -:  709:			
        -:  710:  //+1 Buy
     2000:  711:  state->numBuys++;
        -:  712:			
        -:  713:  //Each other player draws a card
    10000:  714:  for (i = 0; i < state->numPlayers; i++)
        -:  715:  {
     8000:  716:    if ( i != currentPlayer )
        -:  717:    {
     6000:  718:      drawCard(i, state);
        -:  719:    }
        -:  720:  }
        -:  721:			
        -:  722:  //put played card in played card pile
     2000:  723:  discardCard(handPos, currentPlayer, state, 0);
        -:  724:			
     2000:  725:  return 0;
        -:  726:}
        -:  727:
        -:  728://REFACTOR: Refactored from the switch in cardEffect to its own function
        -:  729://Copied the variable declarations used for the card so all that is needed
        -:  730://to be passed is the gameState and handPos
    #####:  731:int villageEffect(struct gameState *state, int handPos) {
    #####:  732:  int currentPlayer = whoseTurn(state);
        -:  733:
        -:  734:  //+1 Card
    #####:  735:  drawCard(currentPlayer, state);
        -:  736:			
        -:  737:  //+2 Actions
    #####:  738:  state->numActions = state->numActions + 2;
        -:  739:			
        -:  740:  //discard played card from hand
        -:  741:  //discardCard(handPos, currentPlayer, state, 0); BUG: card is no longer discarded giving unlimited actions
    #####:  742:  return 0;
        -:  743:}
        -:  744:
        -:  745://REFACTOR: Refactored from the switch in cardEffect to its own function
        -:  746://Copied the variable declarations used for the card so all that is needed
        -:  747://to be passed is the gameState and handPos
    #####:  748:int greatHallEffect(struct gameState *state, int handPos) {
    #####:  749:  int currentPlayer = whoseTurn(state);
        -:  750:
        -:  751:  //+1 Card
    #####:  752:  drawCard(currentPlayer, state);
        -:  753:		
        -:  754:  //+1 Actions
    #####:  755:  state->numBuys++;//BUG: increases number of buys instead of number of actions
        -:  756:			
        -:  757:  //discard card from hand
    #####:  758:  discardCard(handPos, currentPlayer, state, 0);
    #####:  759:  return 0;
        -:  760:}
        -:  761:
     6000:  762:int cardEffect(int card, int choice1, int choice2, int choice3, struct gameState *state, int handPos, int *bonus)
        -:  763:{
        -:  764:  int i;
        -:  765:  int j;
        -:  766:  int k;
        -:  767:  int x;
        -:  768:  int index;
     6000:  769:  int currentPlayer = whoseTurn(state);
     6000:  770:  int nextPlayer = currentPlayer + 1;
        -:  771:
     6000:  772:  int tributeRevealedCards[2] = {-1, -1};
        -:  773:  int temphand[MAX_HAND];// moved above the if statement
     6000:  774:  int drawntreasure=0;
        -:  775:  int cardDrawn;
     6000:  776:  int z = 0;// this is the counter for the temp hand
     6000:  777:  if (nextPlayer > (state->numPlayers - 1)){
     1978:  778:    nextPlayer = 0;
        -:  779:  }
        -:  780:	
        -:  781:  //uses switch to select card and perform actions
     6000:  782:  switch( card ) 
        -:  783:    {
        -:  784:    case adventurer:
     2000:  785:      adventurerEffect(state);//Refactored to it's own function adventurerEffect(struct gameState)
        -:  786:
     2000:  787:      return 0;
        -:  788:
        -:  789:    case council_room:
     2000:  790:      councilRoomEffect(state, handPos);//Refactored to its own function councilRoomEffect(struct gameState, int)
        -:  791:	
     2000:  792:      return 0;
        -:  793:			
        -:  794:    case feast:
        -:  795:      //gain card with cost up to 5
        -:  796:      //Backup hand
    #####:  797:      for (i = 0; i <= state->handCount[currentPlayer]; i++){
    #####:  798:	temphand[i] = state->hand[currentPlayer][i];//Backup card
    #####:  799:	state->hand[currentPlayer][i] = -1;//Set to nothing
        -:  800:      }
        -:  801:      //Backup hand
        -:  802:
        -:  803:      //Update Coins for Buy
    #####:  804:      updateCoins(currentPlayer, state, 5);
    #####:  805:      x = 1;//Condition to loop on
    #####:  806:      while( x == 1) {//Buy one card
    #####:  807:	if (supplyCount(choice1, state) <= 0){
        -:  808:	  if (DEBUG)
        -:  809:	    printf("None of that card left, sorry!\n");
        -:  810:
        -:  811:	  if (DEBUG){
        -:  812:	    printf("Cards Left: %d\n", supplyCount(choice1, state));
        -:  813:	  }
        -:  814:	}
    #####:  815:	else if (state->coins < getCost(choice1)){
    #####:  816:	  printf("That card is too expensive!\n");
        -:  817:
        -:  818:	  if (DEBUG){
        -:  819:	    printf("Coins: %d < %d\n", state->coins, getCost(choice1));
        -:  820:	  }
        -:  821:	}
        -:  822:	else{
        -:  823:
        -:  824:	  if (DEBUG){
        -:  825:	    printf("Deck Count: %d\n", state->handCount[currentPlayer] + state->deckCount[currentPlayer] + state->discardCount[currentPlayer]);
        -:  826:	  }
        -:  827:
    #####:  828:	  gainCard(choice1, state, 0, currentPlayer);//Gain the card
    #####:  829:	  x = 0;//No more buying cards
        -:  830:
        -:  831:	  if (DEBUG){
        -:  832:	    printf("Deck Count: %d\n", state->handCount[currentPlayer] + state->deckCount[currentPlayer] + state->discardCount[currentPlayer]);
        -:  833:	  }
        -:  834:
        -:  835:	}
        -:  836:      }     
        -:  837:
        -:  838:      //Reset Hand
    #####:  839:      for (i = 0; i <= state->handCount[currentPlayer]; i++){
    #####:  840:	state->hand[currentPlayer][i] = temphand[i];
    #####:  841:	temphand[i] = -1;
        -:  842:      }
        -:  843:      //Reset Hand
        -:  844:      			
    #####:  845:      return 0;
        -:  846:			
        -:  847:    case gardens:
    #####:  848:      return -1;
        -:  849:			
        -:  850:    case mine:
    #####:  851:      j = state->hand[currentPlayer][choice1];  //store card we will trash
        -:  852:
    #####:  853:      if (state->hand[currentPlayer][choice1] < copper || state->hand[currentPlayer][choice1] > gold)
        -:  854:	{
    #####:  855:	  return -1;
        -:  856:	}
        -:  857:		
    #####:  858:      if (choice2 > treasure_map || choice2 < curse)
        -:  859:	{
    #####:  860:	  return -1;
        -:  861:	}
        -:  862:
    #####:  863:      if ( (getCost(state->hand[currentPlayer][choice1]) + 3) > getCost(choice2) )
        -:  864:	{
    #####:  865:	  return -1;
        -:  866:	}
        -:  867:
    #####:  868:      gainCard(choice2, state, 2, currentPlayer);
        -:  869:
        -:  870:      //discard card from hand
    #####:  871:      discardCard(handPos, currentPlayer, state, 0);
        -:  872:
        -:  873:      //discard trashed card
    #####:  874:      for (i = 0; i < state->handCount[currentPlayer]; i++)
        -:  875:	{
    #####:  876:	  if (state->hand[currentPlayer][i] == j)
        -:  877:	    {
    #####:  878:	      discardCard(i, currentPlayer, state, 0);			
    #####:  879:	      break;
        -:  880:	    }
        -:  881:	}
        -:  882:			
    #####:  883:      return 0;
        -:  884:			
        -:  885:    case remodel:
    #####:  886:      j = state->hand[currentPlayer][choice1];  //store card we will trash
        -:  887:
    #####:  888:      if ( (getCost(state->hand[currentPlayer][choice1]) + 2) > getCost(choice2) )
        -:  889:	{
    #####:  890:	  return -1;
        -:  891:	}
        -:  892:
    #####:  893:      gainCard(choice2, state, 0, currentPlayer);
        -:  894:
        -:  895:      //discard card from hand
    #####:  896:      discardCard(handPos, currentPlayer, state, 0);
        -:  897:
        -:  898:      //discard trashed card
    #####:  899:      for (i = 0; i < state->handCount[currentPlayer]; i++)
        -:  900:	{
    #####:  901:	  if (state->hand[currentPlayer][i] == j)
        -:  902:	    {
    #####:  903:	      discardCard(i, currentPlayer, state, 0);			
    #####:  904:	      break;
        -:  905:	    }
        -:  906:	}
        -:  907:
        -:  908:
    #####:  909:      return 0;
        -:  910:		
        -:  911:    case smithy:
     2000:  912:      smithyEffect(state, handPos);//refactored to its own function smithyEffect(struct gameState, int)
     2000:  913:      return 0;
        -:  914:		
        -:  915:    case village:
    #####:  916:      villageEffect(state, handPos);//refactored to its own funciton villageEffect(struct gameState, int)
    #####:  917:      return 0;
        -:  918:		
        -:  919:    case baron:
    #####:  920:      state->numBuys++;//Increase buys by 1!
    #####:  921:      if (choice1 > 0){//Boolean true or going to discard an estate
    #####:  922:	int p = 0;//Iterator for hand!
    #####:  923:	int card_not_discarded = 1;//Flag for discard set!
    #####:  924:	while(card_not_discarded){
    #####:  925:	  if (state->hand[currentPlayer][p] == estate){//Found an estate card!
    #####:  926:	    state->coins += 4;//Add 4 coins to the amount of coins
    #####:  927:	    state->discard[currentPlayer][state->discardCount[currentPlayer]] = state->hand[currentPlayer][p];
    #####:  928:	    state->discardCount[currentPlayer]++;
    #####:  929:	    for (;p < state->handCount[currentPlayer]; p++){
    #####:  930:	      state->hand[currentPlayer][p] = state->hand[currentPlayer][p+1];
        -:  931:	    }
    #####:  932:	    state->hand[currentPlayer][state->handCount[currentPlayer]] = -1;
    #####:  933:	    state->handCount[currentPlayer]--;
    #####:  934:	    card_not_discarded = 0;//Exit the loop
        -:  935:	  }
    #####:  936:	  else if (p > state->handCount[currentPlayer]){
        -:  937:	    if(DEBUG) {
        -:  938:	      printf("No estate cards in your hand, invalid choice\n");
        -:  939:	      printf("Must gain an estate if there are any\n");
        -:  940:	    }
    #####:  941:	    if (supplyCount(estate, state) > 0){
    #####:  942:	      gainCard(estate, state, 0, currentPlayer);
    #####:  943:	      state->supplyCount[estate]--;//Decrement estates
    #####:  944:	      if (supplyCount(estate, state) == 0){
    #####:  945:		isGameOver(state);
        -:  946:	      }
        -:  947:	    }
    #####:  948:	    card_not_discarded = 0;//Exit the loop
        -:  949:	  }
        -:  950:			    
        -:  951:	  else{
    #####:  952:	    p++;//Next card
        -:  953:	  }
        -:  954:	}
        -:  955:      }
        -:  956:			    
        -:  957:      else{
    #####:  958:	if (supplyCount(estate, state) > 0){
    #####:  959:	  gainCard(estate, state, 0, currentPlayer);//Gain an estate
    #####:  960:	  state->supplyCount[estate]--;//Decrement Estates
    #####:  961:	  if (supplyCount(estate, state) == 0){
    #####:  962:	    isGameOver(state);
        -:  963:	  }
        -:  964:	}
        -:  965:      }
        -:  966:	    
        -:  967:      
    #####:  968:      return 0;
        -:  969:		
        -:  970:    case great_hall:
    #####:  971:      greatHallEffect(state, handPos);//refactored to its own function greatHallEffect(struct gameState, int)
    #####:  972:      return 0;
        -:  973:		
        -:  974:    case minion:
        -:  975:      //+1 action
    #####:  976:      state->numActions++;
        -:  977:			
        -:  978:      //discard card from hand
    #####:  979:      discardCard(handPos, currentPlayer, state, 0);
        -:  980:			
    #####:  981:      if (choice1)		//+2 coins
        -:  982:	{
    #####:  983:	  state->coins = state->coins + 2;
        -:  984:	}
        -:  985:			
    #####:  986:      else if (choice2)		//discard hand, redraw 4, other players with 5+ cards discard hand and draw 4
        -:  987:	{
        -:  988:	  //discard hand
    #####:  989:	  while(numHandCards(state) > 0)
        -:  990:	    {
    #####:  991:	      discardCard(handPos, currentPlayer, state, 0);
        -:  992:	    }
        -:  993:				
        -:  994:	  //draw 4
    #####:  995:	  for (i = 0; i < 4; i++)
        -:  996:	    {
    #####:  997:	      drawCard(currentPlayer, state);
        -:  998:	    }
        -:  999:				
        -: 1000:	  //other players discard hand and redraw if hand size > 4
    #####: 1001:	  for (i = 0; i < state->numPlayers; i++)
        -: 1002:	    {
    #####: 1003:	      if (i != currentPlayer)
        -: 1004:		{
    #####: 1005:		  if ( state->handCount[i] > 4 )
        -: 1006:		    {
        -: 1007:		      //discard hand
    #####: 1008:		      while( state->handCount[i] > 0 )
        -: 1009:			{
    #####: 1010:			  discardCard(handPos, i, state, 0);
        -: 1011:			}
        -: 1012:							
        -: 1013:		      //draw 4
    #####: 1014:		      for (j = 0; j < 4; j++)
        -: 1015:			{
    #####: 1016:			  drawCard(i, state);
        -: 1017:			}
        -: 1018:		    }
        -: 1019:		}
        -: 1020:	    }
        -: 1021:				
        -: 1022:	}
    #####: 1023:      return 0;
        -: 1024:		
        -: 1025:    case steward:
    #####: 1026:      if (choice1 == 1)
        -: 1027:	{
        -: 1028:	  //+2 cards
    #####: 1029:	  drawCard(currentPlayer, state);
    #####: 1030:	  drawCard(currentPlayer, state);
        -: 1031:	}
    #####: 1032:      else if (choice1 == 2)
        -: 1033:	{
        -: 1034:	  //+2 coins
    #####: 1035:	  state->coins = state->coins + 2;
        -: 1036:	}
        -: 1037:      else
        -: 1038:	{
        -: 1039:	  //trash 2 cards in hand
    #####: 1040:	  discardCard(choice2, currentPlayer, state, 1);
    #####: 1041:	  discardCard(choice3, currentPlayer, state, 1);
        -: 1042:	}
        -: 1043:			
        -: 1044:      //discard card from hand
    #####: 1045:      discardCard(handPos, currentPlayer, state, 0);
    #####: 1046:      return 0;
        -: 1047:		
        -: 1048:    case tribute:
    #####: 1049:      if ((state->discardCount[nextPlayer] + state->deckCount[nextPlayer]) <= 1){
    #####: 1050:	if (state->deckCount[nextPlayer] > 0){
    #####: 1051:	  tributeRevealedCards[0] = state->deck[nextPlayer][state->deckCount[nextPlayer]-1];
    #####: 1052:	  state->deckCount[nextPlayer]--;
        -: 1053:	}
    #####: 1054:	else if (state->discardCount[nextPlayer] > 0){
    #####: 1055:	  tributeRevealedCards[0] = state->discard[nextPlayer][state->discardCount[nextPlayer]-1];
    #####: 1056:	  state->discardCount[nextPlayer]--;
        -: 1057:	}
        -: 1058:	else{
        -: 1059:	  //No Card to Reveal
        -: 1060:	  if (DEBUG){
        -: 1061:	    printf("No cards to reveal\n");
        -: 1062:	  }
        -: 1063:	}
        -: 1064:      }
        -: 1065:	    
        -: 1066:      else{
    #####: 1067:	if (state->deckCount[nextPlayer] == 0){
    #####: 1068:	  for (i = 0; i < state->discardCount[nextPlayer]; i++){
    #####: 1069:	    state->deck[nextPlayer][i] = state->discard[nextPlayer][i];//Move to deck
    #####: 1070:	    state->deckCount[nextPlayer]++;
    #####: 1071:	    state->discard[nextPlayer][i] = -1;
    #####: 1072:	    state->discardCount[nextPlayer]--;
        -: 1073:	  }
        -: 1074:			    
    #####: 1075:	  shuffle(nextPlayer,state);//Shuffle the deck
        -: 1076:	} 
    #####: 1077:	tributeRevealedCards[0] = state->deck[nextPlayer][state->deckCount[nextPlayer]-1];
    #####: 1078:	state->deck[nextPlayer][state->deckCount[nextPlayer]--] = -1;
    #####: 1079:	state->deckCount[nextPlayer]--;
    #####: 1080:	tributeRevealedCards[1] = state->deck[nextPlayer][state->deckCount[nextPlayer]-1];
    #####: 1081:	state->deck[nextPlayer][state->deckCount[nextPlayer]--] = -1;
    #####: 1082:	state->deckCount[nextPlayer]--;
        -: 1083:      }    
        -: 1084:		       
    #####: 1085:      if (tributeRevealedCards[0] == tributeRevealedCards[1]){//If we have a duplicate card, just drop one 
    #####: 1086:	state->playedCards[state->playedCardCount] = tributeRevealedCards[1];
    #####: 1087:	state->playedCardCount++;
    #####: 1088:	tributeRevealedCards[1] = -1;
        -: 1089:      }
        -: 1090:
    #####: 1091:      for (i = 0; i <= 2; i ++){
    #####: 1092:	if (tributeRevealedCards[i] == copper || tributeRevealedCards[i] == silver || tributeRevealedCards[i] == gold){//Treasure cards
    #####: 1093:	  state->coins += 2;
        -: 1094:	}
        -: 1095:		    
    #####: 1096:	else if (tributeRevealedCards[i] == estate || tributeRevealedCards[i] == duchy || tributeRevealedCards[i] == province || tributeRevealedCards[i] == gardens || tributeRevealedCards[i] == great_hall){//Victory Card Found
    #####: 1097:	  drawCard(currentPlayer, state);
    #####: 1098:	  drawCard(currentPlayer, state);
        -: 1099:	}
        -: 1100:	else{//Action Card
    #####: 1101:	  state->numActions = state->numActions + 2;
        -: 1102:	}
        -: 1103:      }
        -: 1104:	    
    #####: 1105:      return 0;
        -: 1106:		
        -: 1107:    case ambassador:
    #####: 1108:      j = 0;		//used to check if player has enough cards to discard
        -: 1109:
    #####: 1110:      if (choice2 > 2 || choice2 < 0)
        -: 1111:	{
    #####: 1112:	  return -1;				
        -: 1113:	}
        -: 1114:
    #####: 1115:      if (choice1 == handPos)
        -: 1116:	{
    #####: 1117:	  return -1;
        -: 1118:	}
        -: 1119:
    #####: 1120:      for (i = 0; i < state->handCount[currentPlayer]; i++)
        -: 1121:	{
    #####: 1122:	  if (i != handPos && i == state->hand[currentPlayer][choice1] && i != choice1)
        -: 1123:	    {
    #####: 1124:	      j++;
        -: 1125:	    }
        -: 1126:	}
    #####: 1127:      if (j < choice2)
        -: 1128:	{
    #####: 1129:	  return -1;				
        -: 1130:	}
        -: 1131:
        -: 1132:      if (DEBUG) 
        -: 1133:	printf("Player %d reveals card number: %d\n", currentPlayer, state->hand[currentPlayer][choice1]);
        -: 1134:
        -: 1135:      //increase supply count for choosen card by amount being discarded
    #####: 1136:      state->supplyCount[state->hand[currentPlayer][choice1]] += choice2;
        -: 1137:			
        -: 1138:      //each other player gains a copy of revealed card
    #####: 1139:      for (i = 0; i < state->numPlayers; i++)
        -: 1140:	{
    #####: 1141:	  if (i != currentPlayer)
        -: 1142:	    {
    #####: 1143:	      gainCard(state->hand[currentPlayer][choice1], state, 0, i);
        -: 1144:	    }
        -: 1145:	}
        -: 1146:
        -: 1147:      //discard played card from hand
    #####: 1148:      discardCard(handPos, currentPlayer, state, 0);			
        -: 1149:
        -: 1150:      //trash copies of cards returned to supply
    #####: 1151:      for (j = 0; j < choice2; j++)
        -: 1152:	{
    #####: 1153:	  for (i = 0; i < state->handCount[currentPlayer]; i++)
        -: 1154:	    {
    #####: 1155:	      if (state->hand[currentPlayer][i] == state->hand[currentPlayer][choice1])
        -: 1156:		{
    #####: 1157:		  discardCard(i, currentPlayer, state, 1);
    #####: 1158:		  break;
        -: 1159:		}
        -: 1160:	    }
        -: 1161:	}			
        -: 1162:
    #####: 1163:      return 0;
        -: 1164:		
        -: 1165:    case cutpurse:
        -: 1166:
    #####: 1167:      updateCoins(currentPlayer, state, 2);
    #####: 1168:      for (i = 0; i < state->numPlayers; i++)
        -: 1169:	{
    #####: 1170:	  if (i != currentPlayer)
        -: 1171:	    {
    #####: 1172:	      for (j = 0; j < state->handCount[i]; j++)
        -: 1173:		{
    #####: 1174:		  if (state->hand[i][j] == copper)
        -: 1175:		    {
    #####: 1176:		      discardCard(j, i, state, 0);
    #####: 1177:		      break;
        -: 1178:		    }
    #####: 1179:		  if (j == state->handCount[i])
        -: 1180:		    {
    #####: 1181:		      for (k = 0; k < state->handCount[i]; k++)
        -: 1182:			{
        -: 1183:			  if (DEBUG)
        -: 1184:			    printf("Player %d reveals card number %d\n", i, state->hand[i][k]);
        -: 1185:			}	
    #####: 1186:		      break;
        -: 1187:		    }		
        -: 1188:		}
        -: 1189:					
        -: 1190:	    }
        -: 1191:				
        -: 1192:	}				
        -: 1193:
        -: 1194:      //discard played card from hand
    #####: 1195:      discardCard(handPos, currentPlayer, state, 0);			
        -: 1196:
    #####: 1197:      return 0;
        -: 1198:
        -: 1199:		
        -: 1200:    case embargo: 
        -: 1201:      //+2 Coins
    #####: 1202:      state->coins = state->coins + 2;
        -: 1203:			
        -: 1204:      //see if selected pile is in play
    #####: 1205:      if ( state->supplyCount[choice1] == -1 )
        -: 1206:	{
    #####: 1207:	  return -1;
        -: 1208:	}
        -: 1209:			
        -: 1210:      //add embargo token to selected supply pile
    #####: 1211:      state->embargoTokens[choice1]++;
        -: 1212:			
        -: 1213:      //trash card
    #####: 1214:      discardCard(handPos, currentPlayer, state, 1);		
    #####: 1215:      return 0;
        -: 1216:		
        -: 1217:    case outpost:
        -: 1218:      //set outpost flag
    #####: 1219:      state->outpostPlayed++;
        -: 1220:			
        -: 1221:      //discard card
    #####: 1222:      discardCard(handPos, currentPlayer, state, 0);
    #####: 1223:      return 0;
        -: 1224:		
        -: 1225:    case salvager:
        -: 1226:      //+1 buy
    #####: 1227:      state->numBuys++;
        -: 1228:			
    #####: 1229:      if (choice1)
        -: 1230:	{
        -: 1231:	  //gain coins equal to trashed card
    #####: 1232:	  state->coins = state->coins + getCost( handCard(choice1, state) );
        -: 1233:	  //trash card
    #####: 1234:	  discardCard(choice1, currentPlayer, state, 1);	
        -: 1235:	}
        -: 1236:			
        -: 1237:      //discard card
    #####: 1238:      discardCard(handPos, currentPlayer, state, 0);
    #####: 1239:      return 0;
        -: 1240:		
        -: 1241:    case sea_hag:
    #####: 1242:      for (i = 0; i < state->numPlayers; i++){
    #####: 1243:	if (i != currentPlayer){
    #####: 1244:	  state->discard[i][state->discardCount[i]] = state->deck[i][state->deckCount[i]--];			    state->deckCount[i]--;
    #####: 1245:	  state->discardCount[i]++;
    #####: 1246:	  state->deck[i][state->deckCount[i]--] = curse;//Top card now a curse
        -: 1247:	}
        -: 1248:      }
    #####: 1249:      return 0;
        -: 1250:		
        -: 1251:    case treasure_map:
        -: 1252:      //search hand for another treasure_map
    #####: 1253:      index = -1;
    #####: 1254:      for (i = 0; i < state->handCount[currentPlayer]; i++)
        -: 1255:	{
    #####: 1256:	  if (state->hand[currentPlayer][i] == treasure_map && i != handPos)
        -: 1257:	    {
    #####: 1258:	      index = i;
    #####: 1259:	      break;
        -: 1260:	    }
        -: 1261:	}
    #####: 1262:      if (index > -1)
        -: 1263:	{
        -: 1264:	  //trash both treasure cards
    #####: 1265:	  discardCard(handPos, currentPlayer, state, 1);
    #####: 1266:	  discardCard(index, currentPlayer, state, 1);
        -: 1267:
        -: 1268:	  //gain 4 Gold cards
    #####: 1269:	  for (i = 0; i < 4; i++)
        -: 1270:	    {
    #####: 1271:	      gainCard(gold, state, 1, currentPlayer);
        -: 1272:	    }
        -: 1273:				
        -: 1274:	  //return success
    #####: 1275:	  return 1;
        -: 1276:	}
        -: 1277:			
        -: 1278:      //no second treasure_map found in hand
    #####: 1279:      return -1;
        -: 1280:    }
        -: 1281:	
    #####: 1282:  return -1;
        -: 1283:}
        -: 1284:
    10000: 1285:int discardCard(int handPos, int currentPlayer, struct gameState *state, int trashFlag)
        -: 1286:{
        -: 1287:	
        -: 1288:  //if card is not trashed, added to Played pile 
    10000: 1289:  if (trashFlag < 1)
        -: 1290:    {
        -: 1291:      //add card to played pile
    10000: 1292:      state->playedCards[state->playedCardCount] = state->hand[currentPlayer][handPos]; 
    10000: 1293:      state->playedCardCount++;
        -: 1294:    }
        -: 1295:	
        -: 1296:  //set played card to -1
    10000: 1297:  state->hand[currentPlayer][handPos] = -1;
        -: 1298:	
        -: 1299:  //remove card from player's hand
    10000: 1300:  if ( handPos == (state->handCount[currentPlayer] - 1) ) 	//last card in hand array is played
        -: 1301:    {
        -: 1302:      //reduce number of cards in hand
    #####: 1303:      state->handCount[currentPlayer]--;
        -: 1304:    }
    10000: 1305:  else if ( state->handCount[currentPlayer] == 1 ) //only one card in hand
        -: 1306:    {
        -: 1307:      //reduce number of cards in hand
    #####: 1308:      state->handCount[currentPlayer]--;
        -: 1309:    }
        -: 1310:  else 	
        -: 1311:    {
        -: 1312:      //replace discarded card with last card in hand
    10000: 1313:      state->hand[currentPlayer][handPos] = state->hand[currentPlayer][ (state->handCount[currentPlayer] - 1)];
        -: 1314:      //set last card to -1
    10000: 1315:      state->hand[currentPlayer][state->handCount[currentPlayer] - 1] = -1;
        -: 1316:      //reduce number of cards in hand
    10000: 1317:      state->handCount[currentPlayer]--;
        -: 1318:    }
        -: 1319:	
    10000: 1320:  return 0;
        -: 1321:}
        -: 1322:
    #####: 1323:int gainCard(int supplyPos, struct gameState *state, int toFlag, int player)
        -: 1324:{
        -: 1325:  //Note: supplyPos is enum of choosen card
        -: 1326:	
        -: 1327:  //check if supply pile is empty (0) or card is not used in game (-1)
    #####: 1328:  if ( supplyCount(supplyPos, state) < 1 )
        -: 1329:    {
    #####: 1330:      return -1;
        -: 1331:    }
        -: 1332:	
        -: 1333:  //added card for [whoseTurn] current player:
        -: 1334:  // toFlag = 0 : add to discard
        -: 1335:  // toFlag = 1 : add to deck
        -: 1336:  // toFlag = 2 : add to hand
        -: 1337:
    #####: 1338:  if (toFlag == 1)
        -: 1339:    {
    #####: 1340:      state->deck[ player ][ state->deckCount[player] ] = supplyPos;
    #####: 1341:      state->deckCount[player]++;
        -: 1342:    }
    #####: 1343:  else if (toFlag == 2)
        -: 1344:    {
    #####: 1345:      state->hand[ player ][ state->handCount[player] ] = supplyPos;
    #####: 1346:      state->handCount[player]++;
        -: 1347:    }
        -: 1348:  else
        -: 1349:    {
    #####: 1350:      state->discard[player][ state->discardCount[player] ] = supplyPos;
    #####: 1351:      state->discardCount[player]++;
        -: 1352:    }
        -: 1353:	
        -: 1354:  //decrease number in supply pile
    #####: 1355:  state->supplyCount[supplyPos]--;
        -: 1356:	 
    #####: 1357:  return 0;
        -: 1358:}
        -: 1359:
    #####: 1360:int updateCoins(int player, struct gameState *state, int bonus)
        -: 1361:{
        -: 1362:  int i;
        -: 1363:	
        -: 1364:  //reset coin count
    #####: 1365:  state->coins = 0;
        -: 1366:
        -: 1367:  //add coins for each Treasure card in player's hand
    #####: 1368:  for (i = 0; i < state->handCount[player]; i++)
        -: 1369:    {
    #####: 1370:      if (state->hand[player][i] == copper)
        -: 1371:	{
    #####: 1372:	  state->coins += 1;
        -: 1373:	}
    #####: 1374:      else if (state->hand[player][i] == silver)
        -: 1375:	{
    #####: 1376:	  state->coins += 2;
        -: 1377:	}
    #####: 1378:      else if (state->hand[player][i] == gold)
        -: 1379:	{
    #####: 1380:	  state->coins += 3;
        -: 1381:	}	
        -: 1382:    }	
        -: 1383:
        -: 1384:  //add bonus
    #####: 1385:  state->coins += bonus;
        -: 1386:
    #####: 1387:  return 0;
        -: 1388:}
        -: 1389:
        -: 1390:
        -: 1391://end of dominion.c
        -: 1392:
